<?xml version="1.0" encoding="UTF-8"?>
<coverage generated="1747284162279" clover="3.2.0">
  <project timestamp="1747284162279" name="All files">
    <metrics statements="242" coveredstatements="225" conditionals="96" coveredconditionals="75" methods="69" coveredmethods="60" elements="407" coveredelements="360" complexity="0" loc="242" ncloc="242" packages="6" files="13" classes="13"/>
    <package name="src">
      <metrics statements="6" coveredstatements="6" conditionals="0" coveredconditionals="0" methods="1" coveredmethods="1"/>
      <file name="App.tsx" path="/Users/tian/Desktop/fliknusantara/src/App.tsx">
        <metrics statements="6" coveredstatements="6" conditionals="0" coveredconditionals="0" methods="1" coveredmethods="1"/>
        <line num="2" count="1" type="stmt"/>
        <line num="3" count="1" type="stmt"/>
        <line num="4" count="1" type="stmt"/>
        <line num="6" count="1" type="stmt"/>
        <line num="7" count="3" type="stmt"/>
        <line num="16" count="1" type="stmt"/>
      </file>
    </package>
    <package name="src.components.atoms">
      <metrics statements="24" coveredstatements="24" conditionals="11" coveredconditionals="11" methods="7" coveredmethods="7"/>
      <file name="BackToTopButton.tsx" path="/Users/tian/Desktop/fliknusantara/src/components/atoms/BackToTopButton.tsx">
        <metrics statements="16" coveredstatements="16" conditionals="6" coveredconditionals="6" methods="5" coveredmethods="5"/>
        <line num="1" count="2" type="stmt"/>
        <line num="2" count="2" type="stmt"/>
        <line num="4" count="2" type="stmt"/>
        <line num="5" count="46" type="stmt"/>
        <line num="7" count="46" type="stmt"/>
        <line num="8" count="14" type="stmt"/>
        <line num="9" count="3" type="cond" truecount="2" falsecount="0"/>
        <line num="10" count="2" type="stmt"/>
        <line num="12" count="1" type="stmt"/>
        <line num="16" count="14" type="stmt"/>
        <line num="18" count="14" type="stmt"/>
        <line num="19" count="14" type="stmt"/>
        <line num="23" count="46" type="stmt"/>
        <line num="24" count="1" type="stmt"/>
        <line num="30" count="46" type="stmt"/>
        <line num="55" count="2" type="stmt"/>
      </file>
      <file name="Button.tsx" path="/Users/tian/Desktop/fliknusantara/src/components/atoms/Button.tsx">
        <metrics statements="4" coveredstatements="4" conditionals="4" coveredconditionals="4" methods="1" coveredmethods="1"/>
        <line num="2" count="8" type="stmt"/>
        <line num="14" count="8" type="stmt"/>
        <line num="23" count="375" type="stmt"/>
        <line num="37" count="8" type="stmt"/>
      </file>
      <file name="Loader.tsx" path="/Users/tian/Desktop/fliknusantara/src/components/atoms/Loader.tsx">
        <metrics statements="4" coveredstatements="4" conditionals="1" coveredconditionals="1" methods="1" coveredmethods="1"/>
        <line num="2" count="3" type="stmt"/>
        <line num="8" count="3" type="cond" truecount="1" falsecount="0"/>
        <line num="9" count="35" type="stmt"/>
        <line num="17" count="3" type="stmt"/>
      </file>
    </package>
    <package name="src.components.molecules">
      <metrics statements="8" coveredstatements="8" conditionals="0" coveredconditionals="0" methods="1" coveredmethods="1"/>
      <file name="MovieCard.tsx" path="/Users/tian/Desktop/fliknusantara/src/components/molecules/MovieCard.tsx">
        <metrics statements="8" coveredstatements="8" conditionals="0" coveredconditionals="0" methods="1" coveredmethods="1"/>
        <line num="2" count="5" type="stmt"/>
        <line num="3" count="5" type="stmt"/>
        <line num="4" count="5" type="stmt"/>
        <line num="19" count="5" type="stmt"/>
        <line num="20" count="99" type="stmt"/>
        <line num="21" count="99" type="stmt"/>
        <line num="23" count="99" type="stmt"/>
        <line num="48" count="5" type="stmt"/>
      </file>
    </package>
    <package name="src.components.organisms">
      <metrics statements="96" coveredstatements="90" conditionals="53" coveredconditionals="46" methods="35" coveredmethods="32"/>
      <file name="Header.tsx" path="/Users/tian/Desktop/fliknusantara/src/components/organisms/Header.tsx">
        <metrics statements="22" coveredstatements="22" conditionals="9" coveredconditionals="8" methods="8" coveredmethods="8"/>
        <line num="1" count="2" type="stmt"/>
        <line num="2" count="2" type="stmt"/>
        <line num="3" count="2" type="stmt"/>
        <line num="14" count="2" type="stmt"/>
        <line num="21" count="2" type="stmt"/>
        <line num="27" count="49" type="stmt"/>
        <line num="28" count="49" type="stmt"/>
        <line num="30" count="49" type="stmt"/>
        <line num="31" count="17" type="stmt"/>
        <line num="32" count="2" type="stmt"/>
        <line num="35" count="17" type="stmt"/>
        <line num="36" count="17" type="stmt"/>
        <line num="39" count="49" type="stmt"/>
        <line num="40" count="4" type="stmt"/>
        <line num="41" count="4" type="cond" truecount="0" falsecount="1"/>
        <line num="43" count="4" type="stmt"/>
        <line num="44" count="4" type="stmt"/>
        <line num="47" count="4" type="stmt"/>
        <line num="50" count="49" type="stmt"/>
        <line num="74" count="180" type="stmt"/>
        <line num="77" count="5" type="stmt"/>
        <line num="91" count="2" type="stmt"/>
      </file>
      <file name="HeroSection.tsx" path="/Users/tian/Desktop/fliknusantara/src/components/organisms/HeroSection.tsx">
        <metrics statements="32" coveredstatements="26" conditionals="12" coveredconditionals="7" methods="15" coveredmethods="12"/>
        <line num="1" count="2" type="stmt"/>
        <line num="2" count="2" type="stmt"/>
        <line num="9" count="2" type="stmt"/>
        <line num="10" count="51" type="stmt"/>
        <line num="11" count="51" type="stmt"/>
        <line num="13" count="51" type="stmt"/>
        <line num="14" count="2" type="stmt"/>
        <line num="15" count="2" type="cond" truecount="1" falsecount="1"/>
        <line num="19" count="51" type="stmt"/>
        <line num="20" count="2" type="stmt"/>
        <line num="21" count="2" type="cond" truecount="1" falsecount="1"/>
        <line num="26" count="51" type="stmt"/>
        <line num="27" count="35" type="stmt"/>
        <line num="28" count="2" type="stmt"/>
        <line num="31" count="35" type="stmt"/>
        <line num="35" count="51" type="stmt"/>
        <line num="36" count="35" type="stmt"/>
        <line num="37" count="0" type="cond" truecount="0" falsecount="2"/>
        <line num="38" count="0" type="stmt"/>
        <line num="39" count="0" type="cond" truecount="0" falsecount="1"/>
        <line num="40" count="0" type="stmt"/>
        <line num="44" count="35" type="stmt"/>
        <line num="45" count="35" type="stmt"/>
        <line num="48" count="51" type="cond" truecount="1" falsecount="0"/>
        <line num="49" count="29" type="stmt"/>
        <line num="52" count="22" type="stmt"/>
        <line num="56" count="44" type="stmt"/>
        <line num="57" count="44" type="stmt"/>
        <line num="80" count="0" type="stmt"/>
        <line num="110" count="44" type="stmt"/>
        <line num="113" count="0" type="stmt"/>
        <line num="123" count="2" type="stmt"/>
      </file>
      <file name="MovieList.tsx" path="/Users/tian/Desktop/fliknusantara/src/components/organisms/MovieList.tsx">
        <metrics statements="13" coveredstatements="13" conditionals="18" coveredconditionals="17" methods="2" coveredmethods="2"/>
        <line num="2" count="2" type="stmt"/>
        <line num="3" count="2" type="stmt"/>
        <line num="4" count="2" type="stmt"/>
        <line num="5" count="2" type="stmt"/>
        <line num="16" count="2" type="cond" truecount="2" falsecount="0"/>
        <line num="17" count="82" type="stmt"/>
        <line num="23" count="82" type="cond" truecount="4" falsecount="0"/>
        <line num="24" count="1" type="stmt"/>
        <line num="25" count="1" type="cond" truecount="1" falsecount="1"/>
        <line num="29" count="1" type="stmt"/>
        <line num="58" count="81" type="stmt"/>
        <line num="65" count="34" type="stmt"/>
        <line num="77" count="2" type="stmt"/>
      </file>
      <file name="TopCarousel.tsx" path="/Users/tian/Desktop/fliknusantara/src/components/organisms/TopCarousel.tsx">
        <metrics statements="14" coveredstatements="14" conditionals="7" coveredconditionals="7" methods="5" coveredmethods="5"/>
        <line num="1" count="1" type="stmt"/>
        <line num="2" count="1" type="stmt"/>
        <line num="3" count="1" type="stmt"/>
        <line num="11" count="1" type="cond" truecount="2" falsecount="0"/>
        <line num="12" count="7" type="stmt"/>
        <line num="14" count="7" type="stmt"/>
        <line num="15" count="2" type="cond" truecount="1" falsecount="0"/>
        <line num="16" count="2" type="stmt"/>
        <line num="17" count="2" type="stmt"/>
        <line num="24" count="7" type="stmt"/>
        <line num="31" count="1" type="stmt"/>
        <line num="42" count="22" type="stmt"/>
        <line num="49" count="1" type="stmt"/>
        <line num="60" count="1" type="stmt"/>
      </file>
      <file name="TopTenCarousel.tsx" path="/Users/tian/Desktop/fliknusantara/src/components/organisms/TopTenCarousel.tsx">
        <metrics statements="15" coveredstatements="15" conditionals="7" coveredconditionals="7" methods="5" coveredmethods="5"/>
        <line num="1" count="2" type="stmt"/>
        <line num="2" count="2" type="stmt"/>
        <line num="3" count="2" type="stmt"/>
        <line num="4" count="2" type="stmt"/>
        <line num="12" count="2" type="stmt"/>
        <line num="13" count="44" type="stmt"/>
        <line num="15" count="44" type="stmt"/>
        <line num="16" count="2" type="cond" truecount="1" falsecount="0"/>
        <line num="17" count="2" type="stmt"/>
        <line num="18" count="2" type="stmt"/>
        <line num="25" count="44" type="stmt"/>
        <line num="33" count="1" type="stmt"/>
        <line num="41" count="1" type="stmt"/>
        <line num="57" count="38" type="stmt"/>
        <line num="69" count="2" type="stmt"/>
      </file>
    </package>
    <package name="src.hooks">
      <metrics statements="16" coveredstatements="13" conditionals="7" coveredconditionals="3" methods="4" coveredmethods="3"/>
      <file name="useInfiniteScroll.ts" path="/Users/tian/Desktop/fliknusantara/src/hooks/useInfiniteScroll.ts">
        <metrics statements="16" coveredstatements="13" conditionals="7" coveredconditionals="3" methods="4" coveredmethods="3"/>
        <line num="1" count="1" type="stmt"/>
        <line num="10" count="1" type="stmt"/>
        <line num="16" count="77" type="stmt"/>
        <line num="17" count="77" type="stmt"/>
        <line num="19" count="77" type="stmt"/>
        <line num="20" count="77" type="stmt"/>
        <line num="26" count="77" type="stmt"/>
        <line num="27" count="0" type="stmt"/>
        <line num="28" count="0" type="cond" truecount="0" falsecount="3"/>
        <line num="29" count="0" type="stmt"/>
        <line num="33" count="77" type="cond" truecount="1" falsecount="0"/>
        <line num="34" count="77" type="stmt"/>
        <line num="37" count="77" type="stmt"/>
        <line num="38" count="77" type="cond" truecount="1" falsecount="0"/>
        <line num="39" count="77" type="stmt"/>
        <line num="44" count="77" type="stmt"/>
      </file>
    </package>
    <package name="src.pages">
      <metrics statements="92" coveredstatements="84" conditionals="25" coveredconditionals="15" methods="21" coveredmethods="16"/>
      <file name="Home.tsx" path="/Users/tian/Desktop/fliknusantara/src/pages/Home.tsx">
        <metrics statements="62" coveredstatements="54" conditionals="20" coveredconditionals="10" methods="13" coveredmethods="8"/>
        <line num="1" count="1" type="stmt"/>
        <line num="2" count="1" type="stmt"/>
        <line num="3" count="1" type="stmt"/>
        <line num="4" count="1" type="stmt"/>
        <line num="5" count="1" type="stmt"/>
        <line num="6" count="1" type="stmt"/>
        <line num="7" count="1" type="stmt"/>
        <line num="8" count="1" type="stmt"/>
        <line num="12" count="1" type="stmt"/>
        <line num="19" count="1" type="stmt"/>
        <line num="20" count="40" type="stmt"/>
        <line num="21" count="40" type="stmt"/>
        <line num="22" count="40" type="stmt"/>
        <line num="23" count="40" type="stmt"/>
        <line num="24" count="40" type="stmt"/>
        <line num="25" count="40" type="stmt"/>
        <line num="26" count="40" type="stmt"/>
        <line num="27" count="40" type="stmt"/>
        <line num="28" count="40" type="stmt"/>
        <line num="30" count="40" type="cond" truecount="0" falsecount="1"/>
        <line num="31" count="18" type="stmt"/>
        <line num="32" count="18" type="stmt"/>
        <line num="33" count="18" type="cond" truecount="1" falsecount="1"/>
        <line num="34" count="18" type="cond" truecount="1" falsecount="1"/>
        <line num="38" count="17" type="stmt"/>
        <line num="40" count="17" type="cond" truecount="0" falsecount="1"/>
        <line num="41" count="0" type="stmt"/>
        <line num="42" count="0" type="cond" truecount="0" falsecount="1"/>
        <line num="43" count="0" type="stmt"/>
        <line num="44" count="0" type="stmt"/>
        <line num="48" count="17" type="stmt"/>
        <line num="49" count="13" type="cond" truecount="1" falsecount="1"/>
        <line num="51" count="17" type="cond" truecount="0" falsecount="1"/>
        <line num="53" count="1" type="stmt"/>
        <line num="55" count="18" type="stmt"/>
        <line num="59" count="40" type="stmt"/>
        <line num="60" count="15" type="stmt"/>
        <line num="61" count="15" type="stmt"/>
        <line num="62" count="15" type="stmt"/>
        <line num="63" count="14" type="stmt"/>
        <line num="65" count="1" type="stmt"/>
        <line num="67" count="15" type="stmt"/>
        <line num="71" count="40" type="stmt"/>
        <line num="72" count="15" type="stmt"/>
        <line num="73" count="15" type="stmt"/>
        <line num="74" count="15" type="stmt"/>
        <line num="75" count="15" type="cond" truecount="1" falsecount="0"/>
        <line num="76" count="15" type="stmt"/>
        <line num="80" count="40" type="stmt"/>
        <line num="81" count="3" type="stmt"/>
        <line num="82" count="3" type="stmt"/>
        <line num="83" count="3" type="stmt"/>
        <line num="84" count="3" type="stmt"/>
        <line num="85" count="3" type="stmt"/>
        <line num="87" count="3" type="cond" truecount="1" falsecount="1"/>
        <line num="88" count="3" type="stmt"/>
        <line num="90" count="0" type="stmt"/>
        <line num="94" count="40" type="stmt"/>
        <line num="117" count="0" type="stmt"/>
        <line num="125" count="0" type="stmt"/>
        <line num="137" count="0" type="stmt"/>
        <line num="158" count="1" type="stmt"/>
      </file>
      <file name="MovieDetail.tsx" path="/Users/tian/Desktop/fliknusantara/src/pages/MovieDetail.tsx">
        <metrics statements="30" coveredstatements="30" conditionals="5" coveredconditionals="5" methods="8" coveredmethods="8"/>
        <line num="1" count="1" type="stmt"/>
        <line num="2" count="1" type="stmt"/>
        <line num="3" count="1" type="stmt"/>
        <line num="4" count="1" type="stmt"/>
        <line num="5" count="1" type="stmt"/>
        <line num="7" count="1" type="stmt"/>
        <line num="8" count="9" type="stmt"/>
        <line num="9" count="9" type="stmt"/>
        <line num="10" count="9" type="stmt"/>
        <line num="11" count="9" type="stmt"/>
        <line num="13" count="9" type="stmt"/>
        <line num="14" count="5" type="stmt"/>
        <line num="15" count="5" type="stmt"/>
        <line num="16" count="5" type="cond" truecount="1" falsecount="0"/>
        <line num="17" count="5" type="stmt"/>
        <line num="18" count="4" type="stmt"/>
        <line num="21" count="1" type="stmt"/>
        <line num="23" count="5" type="stmt"/>
        <line num="27" count="5" type="stmt"/>
        <line num="30" count="9" type="cond" truecount="1" falsecount="0"/>
        <line num="31" count="5" type="stmt"/>
        <line num="38" count="4" type="cond" truecount="1" falsecount="0"/>
        <line num="39" count="2" type="stmt"/>
        <line num="46" count="2" type="stmt"/>
        <line num="47" count="2" type="stmt"/>
        <line num="49" count="2" type="stmt"/>
        <line num="54" count="1" type="stmt"/>
        <line num="84" count="2" type="stmt"/>
        <line num="105" count="4" type="stmt"/>
        <line num="120" count="1" type="stmt"/>
      </file>
    </package>
  </project>
</coverage>
