{"/Users/tian/Desktop/fliknusantara/src/App.tsx": {"path":"/Users/tian/Desktop/fliknusantara/src/App.tsx","statementMap":{"0":{"start":{"line":2,"column":0},"end":{"line":2,"column":49}},"1":{"start":{"line":3,"column":0},"end":{"line":3,"column":32}},"2":{"start":{"line":4,"column":0},"end":{"line":4,"column":46}},"3":{"start":{"line":6,"column":22},"end":{"line":14,"column":1}},"4":{"start":{"line":7,"column":2},"end":{"line":13,"column":4}},"5":{"start":{"line":16,"column":0},"end":{"line":16,"column":19}}},"fnMap":{"0":{"name":"(anonymous_1)","decl":{"start":{"line":6,"column":22},"end":{"line":6,"column":25}},"loc":{"start":{"line":6,"column":27},"end":{"line":14,"column":1}}}},"branchMap":{},"s":{"0":1,"1":1,"2":1,"3":1,"4":3,"5":1},"f":{"0":3},"b":{}}
,"/Users/tian/Desktop/fliknusantara/src/components/atoms/BackToTopButton.tsx": {"path":"/Users/tian/Desktop/fliknusantara/src/components/atoms/BackToTopButton.tsx","statementMap":{"0":{"start":{"line":1,"column":0},"end":{"line":1,"column":51}},"1":{"start":{"line":2,"column":0},"end":{"line":2,"column":49}},"2":{"start":{"line":4,"column":34},"end":{"line":53,"column":1}},"3":{"start":{"line":5,"column":36},"end":{"line":5,"column":51}},"4":{"start":{"line":7,"column":2},"end":{"line":21,"column":9}},"5":{"start":{"line":8,"column":29},"end":{"line":14,"column":5}},"6":{"start":{"line":9,"column":6},"end":{"line":13,"column":7}},"7":{"start":{"line":10,"column":8},"end":{"line":10,"column":27}},"8":{"start":{"line":12,"column":8},"end":{"line":12,"column":28}},"9":{"start":{"line":16,"column":4},"end":{"line":16,"column":56}},"10":{"start":{"line":18,"column":4},"end":{"line":20,"column":6}},"11":{"start":{"line":19,"column":6},"end":{"line":19,"column":61}},"12":{"start":{"line":23,"column":22},"end":{"line":28,"column":3}},"13":{"start":{"line":24,"column":4},"end":{"line":27,"column":7}},"14":{"start":{"line":30,"column":2},"end":{"line":52,"column":4}},"15":{"start":{"line":55,"column":0},"end":{"line":55,"column":31}}},"fnMap":{"0":{"name":"(anonymous_0)","decl":{"start":{"line":4,"column":34},"end":{"line":4,"column":37}},"loc":{"start":{"line":4,"column":39},"end":{"line":53,"column":1}}},"1":{"name":"(anonymous_1)","decl":{"start":{"line":7,"column":12},"end":{"line":7,"column":15}},"loc":{"start":{"line":7,"column":17},"end":{"line":21,"column":3}}},"2":{"name":"(anonymous_2)","decl":{"start":{"line":8,"column":29},"end":{"line":8,"column":32}},"loc":{"start":{"line":8,"column":34},"end":{"line":14,"column":5}}},"3":{"name":"(anonymous_3)","decl":{"start":{"line":18,"column":11},"end":{"line":18,"column":14}},"loc":{"start":{"line":18,"column":16},"end":{"line":20,"column":5}}},"4":{"name":"(anonymous_4)","decl":{"start":{"line":23,"column":22},"end":{"line":23,"column":25}},"loc":{"start":{"line":23,"column":27},"end":{"line":28,"column":3}}}},"branchMap":{"0":{"loc":{"start":{"line":9,"column":6},"end":{"line":13,"column":7}},"type":"if","locations":[{"start":{"line":9,"column":6},"end":{"line":13,"column":7}},{"start":{"line":11,"column":13},"end":{"line":13,"column":7}}]},"1":{"loc":{"start":{"line":32,"column":32},"end":{"line":32,"column":71}},"type":"cond-expr","locations":[{"start":{"line":32,"column":44},"end":{"line":32,"column":66}},{"start":{"line":32,"column":69},"end":{"line":32,"column":71}}]},"2":{"loc":{"start":{"line":35,"column":24},"end":{"line":35,"column":52}},"type":"cond-expr","locations":[{"start":{"line":35,"column":36},"end":{"line":35,"column":43}},{"start":{"line":35,"column":46},"end":{"line":35,"column":52}}]}},"s":{"0":2,"1":2,"2":2,"3":41,"4":41,"5":12,"6":2,"7":2,"8":0,"9":12,"10":12,"11":12,"12":41,"13":1,"14":41,"15":2},"f":{"0":41,"1":12,"2":2,"3":12,"4":1},"b":{"0":[2,0],"1":[2,39],"2":[2,39]}}
,"/Users/tian/Desktop/fliknusantara/src/components/atoms/Button.tsx": {"path":"/Users/tian/Desktop/fliknusantara/src/components/atoms/Button.tsx","statementMap":{"0":{"start":{"line":2,"column":0},"end":{"line":2,"column":40}},"1":{"start":{"line":14,"column":38},"end":{"line":34,"column":1}},"2":{"start":{"line":23,"column":2},"end":{"line":33,"column":4}},"3":{"start":{"line":37,"column":0},"end":{"line":37,"column":22}}},"fnMap":{"0":{"name":"(anonymous_0)","decl":{"start":{"line":14,"column":38},"end":{"line":14,"column":39}},"loc":{"start":{"line":22,"column":5},"end":{"line":34,"column":1}}}},"branchMap":{"0":{"loc":{"start":{"line":17,"column":2},"end":{"line":17,"column":21}},"type":"default-arg","locations":[{"start":{"line":17,"column":12},"end":{"line":17,"column":21}}]},"1":{"loc":{"start":{"line":18,"column":2},"end":{"line":18,"column":16}},"type":"default-arg","locations":[{"start":{"line":18,"column":14},"end":{"line":18,"column":16}}]},"2":{"loc":{"start":{"line":19,"column":2},"end":{"line":19,"column":18}},"type":"default-arg","locations":[{"start":{"line":19,"column":13},"end":{"line":19,"column":18}}]},"3":{"loc":{"start":{"line":21,"column":2},"end":{"line":21,"column":17}},"type":"default-arg","locations":[{"start":{"line":21,"column":9},"end":{"line":21,"column":17}}]}},"s":{"0":8,"1":8,"2":367,"3":8},"f":{"0":367},"b":{"0":[10],"1":[8],"2":[365],"3":[366]}}
,"/Users/tian/Desktop/fliknusantara/src/components/atoms/Loader.tsx": {"path":"/Users/tian/Desktop/fliknusantara/src/components/atoms/Loader.tsx","statementMap":{"0":{"start":{"line":2,"column":0},"end":{"line":2,"column":40}},"1":{"start":{"line":8,"column":38},"end":{"line":15,"column":1}},"2":{"start":{"line":9,"column":2},"end":{"line":14,"column":4}},"3":{"start":{"line":17,"column":0},"end":{"line":17,"column":22}}},"fnMap":{"0":{"name":"(anonymous_0)","decl":{"start":{"line":8,"column":38},"end":{"line":8,"column":39}},"loc":{"start":{"line":8,"column":61},"end":{"line":15,"column":1}}}},"branchMap":{"0":{"loc":{"start":{"line":8,"column":41},"end":{"line":8,"column":55}},"type":"default-arg","locations":[{"start":{"line":8,"column":53},"end":{"line":8,"column":55}}]}},"s":{"0":3,"1":3,"2":27,"3":3},"f":{"0":27},"b":{"0":[26]}}
,"/Users/tian/Desktop/fliknusantara/src/components/molecules/MovieCard.tsx": {"path":"/Users/tian/Desktop/fliknusantara/src/components/molecules/MovieCard.tsx","statementMap":{"0":{"start":{"line":2,"column":0},"end":{"line":2,"column":40}},"1":{"start":{"line":3,"column":0},"end":{"line":3,"column":37}},"2":{"start":{"line":4,"column":0},"end":{"line":4,"column":43}},"3":{"start":{"line":19,"column":44},"end":{"line":46,"column":1}},"4":{"start":{"line":20,"column":19},"end":{"line":20,"column":72}},"5":{"start":{"line":21,"column":22},"end":{"line":21,"column":64}},"6":{"start":{"line":23,"column":2},"end":{"line":45,"column":4}},"7":{"start":{"line":48,"column":0},"end":{"line":48,"column":25}}},"fnMap":{"0":{"name":"(anonymous_1)","decl":{"start":{"line":19,"column":44},"end":{"line":19,"column":45}},"loc":{"start":{"line":19,"column":58},"end":{"line":46,"column":1}}}},"branchMap":{},"s":{"0":5,"1":5,"2":5,"3":5,"4":107,"5":107,"6":107,"7":5},"f":{"0":107},"b":{}}
,"/Users/tian/Desktop/fliknusantara/src/components/organisms/Header.tsx": {"path":"/Users/tian/Desktop/fliknusantara/src/components/organisms/Header.tsx","statementMap":{"0":{"start":{"line":1,"column":0},"end":{"line":1,"column":51}},"1":{"start":{"line":2,"column":0},"end":{"line":2,"column":37}},"2":{"start":{"line":3,"column":0},"end":{"line":3,"column":40}},"3":{"start":{"line":14,"column":54},"end":{"line":19,"column":2}},"4":{"start":{"line":21,"column":38},"end":{"line":89,"column":1}},"5":{"start":{"line":27,"column":38},"end":{"line":27,"column":53}},"6":{"start":{"line":28,"column":44},"end":{"line":28,"column":85}},"7":{"start":{"line":30,"column":2},"end":{"line":37,"column":9}},"8":{"start":{"line":31,"column":25},"end":{"line":33,"column":5}},"9":{"start":{"line":32,"column":6},"end":{"line":32,"column":41}},"10":{"start":{"line":35,"column":4},"end":{"line":35,"column":52}},"11":{"start":{"line":36,"column":4},"end":{"line":36,"column":68}},"12":{"start":{"line":36,"column":17},"end":{"line":36,"column":67}},"13":{"start":{"line":39,"column":23},"end":{"line":48,"column":3}},"14":{"start":{"line":40,"column":18},"end":{"line":40,"column":36}},"15":{"start":{"line":41,"column":4},"end":{"line":41,"column":51}},"16":{"start":{"line":41,"column":23},"end":{"line":41,"column":51}},"17":{"start":{"line":43,"column":20},"end":{"line":45,"column":11}},"18":{"start":{"line":44,"column":6},"end":{"line":44,"column":22}},"19":{"start":{"line":47,"column":4},"end":{"line":47,"column":30}},"20":{"start":{"line":50,"column":2},"end":{"line":88,"column":4}},"21":{"start":{"line":74,"column":16},"end":{"line":75,"column":null}},"22":{"start":{"line":77,"column":33},"end":{"line":77,"column":70}},"23":{"start":{"line":91,"column":0},"end":{"line":91,"column":22}}},"fnMap":{"0":{"name":"(anonymous_1)","decl":{"start":{"line":21,"column":38},"end":{"line":21,"column":39}},"loc":{"start":{"line":26,"column":5},"end":{"line":89,"column":1}}},"1":{"name":"(anonymous_2)","decl":{"start":{"line":30,"column":12},"end":{"line":30,"column":15}},"loc":{"start":{"line":30,"column":17},"end":{"line":37,"column":3}}},"2":{"name":"(anonymous_3)","decl":{"start":{"line":31,"column":25},"end":{"line":31,"column":28}},"loc":{"start":{"line":31,"column":30},"end":{"line":33,"column":5}}},"3":{"name":"(anonymous_4)","decl":{"start":{"line":36,"column":11},"end":{"line":36,"column":14}},"loc":{"start":{"line":36,"column":17},"end":{"line":36,"column":67}}},"4":{"name":"(anonymous_5)","decl":{"start":{"line":39,"column":23},"end":{"line":39,"column":24}},"loc":{"start":{"line":39,"column":70},"end":{"line":48,"column":3}}},"5":{"name":"(anonymous_6)","decl":{"start":{"line":43,"column":31},"end":{"line":43,"column":34}},"loc":{"start":{"line":43,"column":36},"end":{"line":45,"column":5}}},"6":{"name":"(anonymous_7)","decl":{"start":{"line":73,"column":63},"end":{"line":73,"column":66}},"loc":{"start":{"line":74,"column":16},"end":{"line":75,"column":null}}},"7":{"name":"(anonymous_8)","decl":{"start":{"line":77,"column":27},"end":{"line":77,"column":30}},"loc":{"start":{"line":77,"column":33},"end":{"line":77,"column":70}}}},"branchMap":{"0":{"loc":{"start":{"line":41,"column":4},"end":{"line":41,"column":51}},"type":"if","locations":[{"start":{"line":41,"column":4},"end":{"line":41,"column":51}}]},"1":{"loc":{"start":{"line":51,"column":33},"end":{"line":51,"column":69}},"type":"cond-expr","locations":[{"start":{"line":51,"column":46},"end":{"line":51,"column":64}},{"start":{"line":51,"column":67},"end":{"line":51,"column":69}}]},"2":{"loc":{"start":{"line":71,"column":11},"end":{"line":83,"column":null}},"type":"binary-expr","locations":[{"start":{"line":71,"column":11},"end":{"line":71,"column":23}},{"start":{"line":72,"column":12},"end":{"line":82,"column":null}}]},"3":{"loc":{"start":{"line":78,"column":56},"end":{"line":78,"column":153}},"type":"cond-expr","locations":[{"start":{"line":78,"column":82},"end":{"line":78,"column":115}},{"start":{"line":78,"column":118},"end":{"line":78,"column":153}}]}},"s":{"0":2,"1":2,"2":2,"3":2,"4":2,"5":46,"6":46,"7":46,"8":15,"9":1,"10":15,"11":15,"12":15,"13":46,"14":4,"15":4,"16":0,"17":4,"18":4,"19":4,"20":46,"21":168,"22":3,"23":2},"f":{"0":46,"1":15,"2":1,"3":15,"4":4,"5":4,"6":168,"7":3},"b":{"0":[0],"1":[1,45],"2":[46,42],"3":[42,126]}}
,"/Users/tian/Desktop/fliknusantara/src/components/organisms/HeroSection.tsx": {"path":"/Users/tian/Desktop/fliknusantara/src/components/organisms/HeroSection.tsx","statementMap":{"0":{"start":{"line":1,"column":0},"end":{"line":1,"column":64}},"1":{"start":{"line":2,"column":0},"end":{"line":2,"column":45}},"2":{"start":{"line":4,"column":0},"end":{"line":4,"column":40}},"3":{"start":{"line":10,"column":48},"end":{"line":123,"column":1}},"4":{"start":{"line":11,"column":42},"end":{"line":11,"column":53}},"5":{"start":{"line":12,"column":20},"end":{"line":12,"column":38}},"6":{"start":{"line":14,"column":20},"end":{"line":18,"column":24}},"7":{"start":{"line":15,"column":4},"end":{"line":17,"column":6}},"8":{"start":{"line":16,"column":6},"end":{"line":16,"column":60}},"9":{"start":{"line":20,"column":20},"end":{"line":24,"column":24}},"10":{"start":{"line":21,"column":4},"end":{"line":23,"column":6}},"11":{"start":{"line":22,"column":6},"end":{"line":22,"column":60}},"12":{"start":{"line":27,"column":2},"end":{"line":33,"column":18}},"13":{"start":{"line":28,"column":21},"end":{"line":30,"column":12}},"14":{"start":{"line":29,"column":6},"end":{"line":29,"column":18}},"15":{"start":{"line":32,"column":4},"end":{"line":32,"column":41}},"16":{"start":{"line":32,"column":17},"end":{"line":32,"column":40}},"17":{"start":{"line":36,"column":2},"end":{"line":47,"column":29}},"18":{"start":{"line":37,"column":26},"end":{"line":43,"column":5}},"19":{"start":{"line":38,"column":6},"end":{"line":42,"column":7}},"20":{"start":{"line":39,"column":8},"end":{"line":39,"column":20}},"21":{"start":{"line":40,"column":13},"end":{"line":42,"column":7}},"22":{"start":{"line":41,"column":8},"end":{"line":41,"column":20}},"23":{"start":{"line":45,"column":4},"end":{"line":45,"column":54}},"24":{"start":{"line":46,"column":4},"end":{"line":46,"column":70}},"25":{"start":{"line":46,"column":17},"end":{"line":46,"column":69}},"26":{"start":{"line":49,"column":2},"end":{"line":51,"column":3}},"27":{"start":{"line":50,"column":4},"end":{"line":50,"column":16}},"28":{"start":{"line":53,"column":2},"end":{"line":122,"column":4}},"29":{"start":{"line":57,"column":30},"end":{"line":57,"column":89}},"30":{"start":{"line":58,"column":10},"end":{"line":89,"column":12}},"31":{"start":{"line":112,"column":10},"end":{"line":113,"column":null}},"32":{"start":{"line":115,"column":27},"end":{"line":115,"column":49}},"33":{"start":{"line":125,"column":0},"end":{"line":125,"column":27}}},"fnMap":{"0":{"name":"(anonymous_0)","decl":{"start":{"line":10,"column":48},"end":{"line":10,"column":49}},"loc":{"start":{"line":10,"column":63},"end":{"line":123,"column":1}}},"1":{"name":"(anonymous_1)","decl":{"start":{"line":14,"column":32},"end":{"line":14,"column":35}},"loc":{"start":{"line":14,"column":37},"end":{"line":18,"column":3}}},"2":{"name":"(anonymous_2)","decl":{"start":{"line":15,"column":20},"end":{"line":15,"column":21}},"loc":{"start":{"line":16,"column":6},"end":{"line":16,"column":60}}},"3":{"name":"(anonymous_3)","decl":{"start":{"line":20,"column":32},"end":{"line":20,"column":35}},"loc":{"start":{"line":20,"column":37},"end":{"line":24,"column":3}}},"4":{"name":"(anonymous_4)","decl":{"start":{"line":21,"column":20},"end":{"line":21,"column":21}},"loc":{"start":{"line":22,"column":6},"end":{"line":22,"column":60}}},"5":{"name":"(anonymous_5)","decl":{"start":{"line":27,"column":12},"end":{"line":27,"column":15}},"loc":{"start":{"line":27,"column":17},"end":{"line":33,"column":3}}},"6":{"name":"(anonymous_6)","decl":{"start":{"line":28,"column":33},"end":{"line":28,"column":36}},"loc":{"start":{"line":28,"column":38},"end":{"line":30,"column":5}}},"7":{"name":"(anonymous_7)","decl":{"start":{"line":32,"column":11},"end":{"line":32,"column":14}},"loc":{"start":{"line":32,"column":17},"end":{"line":32,"column":40}}},"8":{"name":"(anonymous_8)","decl":{"start":{"line":36,"column":12},"end":{"line":36,"column":15}},"loc":{"start":{"line":36,"column":17},"end":{"line":47,"column":3}}},"9":{"name":"(anonymous_9)","decl":{"start":{"line":37,"column":26},"end":{"line":37,"column":27}},"loc":{"start":{"line":37,"column":47},"end":{"line":43,"column":5}}},"10":{"name":"(anonymous_10)","decl":{"start":{"line":46,"column":11},"end":{"line":46,"column":14}},"loc":{"start":{"line":46,"column":17},"end":{"line":46,"column":69}}},"11":{"name":"(anonymous_11)","decl":{"start":{"line":56,"column":23},"end":{"line":56,"column":24}},"loc":{"start":{"line":56,"column":40},"end":{"line":90,"column":9}}},"12":{"name":"(anonymous_12)","decl":{"start":{"line":111,"column":23},"end":{"line":111,"column":24}},"loc":{"start":{"line":112,"column":10},"end":{"line":113,"column":null}}},"13":{"name":"(anonymous_13)","decl":{"start":{"line":115,"column":21},"end":{"line":115,"column":24}},"loc":{"start":{"line":115,"column":27},"end":{"line":115,"column":49}}}},"branchMap":{"0":{"loc":{"start":{"line":16,"column":6},"end":{"line":16,"column":60}},"type":"cond-expr","locations":[{"start":{"line":16,"column":43},"end":{"line":16,"column":44}},{"start":{"line":16,"column":47},"end":{"line":16,"column":60}}]},"1":{"loc":{"start":{"line":22,"column":6},"end":{"line":22,"column":60}},"type":"cond-expr","locations":[{"start":{"line":22,"column":24},"end":{"line":22,"column":44}},{"start":{"line":22,"column":47},"end":{"line":22,"column":60}}]},"2":{"loc":{"start":{"line":38,"column":6},"end":{"line":42,"column":7}},"type":"if","locations":[{"start":{"line":38,"column":6},"end":{"line":42,"column":7}},{"start":{"line":40,"column":13},"end":{"line":42,"column":7}}]},"3":{"loc":{"start":{"line":40,"column":13},"end":{"line":42,"column":7}},"type":"if","locations":[{"start":{"line":40,"column":13},"end":{"line":42,"column":7}}]},"4":{"loc":{"start":{"line":49,"column":2},"end":{"line":51,"column":3}},"type":"if","locations":[{"start":{"line":49,"column":2},"end":{"line":51,"column":3}}]},"5":{"loc":{"start":{"line":61,"column":48},"end":{"line":61,"column":107}},"type":"cond-expr","locations":[{"start":{"line":61,"column":73},"end":{"line":61,"column":102}},{"start":{"line":61,"column":105},"end":{"line":61,"column":107}}]},"6":{"loc":{"start":{"line":114,"column":50},"end":{"line":114,"column":113}},"type":"cond-expr","locations":[{"start":{"line":114,"column":75},"end":{"line":114,"column":108}},{"start":{"line":114,"column":111},"end":{"line":114,"column":113}}]}},"s":{"0":2,"1":2,"2":2,"3":2,"4":53,"5":53,"6":53,"7":4,"8":4,"9":53,"10":3,"11":3,"12":53,"13":33,"14":2,"15":33,"16":33,"17":53,"18":33,"19":2,"20":1,"21":1,"22":1,"23":33,"24":33,"25":33,"26":53,"27":23,"28":30,"29":60,"30":60,"31":60,"32":1,"33":2},"f":{"0":53,"1":4,"2":4,"3":3,"4":3,"5":33,"6":2,"7":33,"8":33,"9":2,"10":33,"11":60,"12":60,"13":1},"b":{"0":[0,4],"1":[2,1],"2":[1,1],"3":[1],"4":[23],"5":[30,30],"6":[30,30]}}
,"/Users/tian/Desktop/fliknusantara/src/components/organisms/MovieList.tsx": {"path":"/Users/tian/Desktop/fliknusantara/src/components/organisms/MovieList.tsx","statementMap":{"0":{"start":{"line":2,"column":0},"end":{"line":2,"column":63}},"1":{"start":{"line":3,"column":0},"end":{"line":3,"column":37}},"2":{"start":{"line":4,"column":0},"end":{"line":4,"column":43}},"3":{"start":{"line":5,"column":0},"end":{"line":5,"column":66}},"4":{"start":{"line":6,"column":0},"end":{"line":6,"column":40}},"5":{"start":{"line":17,"column":44},"end":{"line":78,"column":1}},"6":{"start":{"line":18,"column":26},"end":{"line":22,"column":4}},"7":{"start":{"line":24,"column":2},"end":{"line":59,"column":3}},"8":{"start":{"line":25,"column":22},"end":{"line":25,"column":32}},"9":{"start":{"line":26,"column":24},"end":{"line":28,"column":31}},"10":{"start":{"line":30,"column":4},"end":{"line":58,"column":6}},"11":{"start":{"line":61,"column":2},"end":{"line":77,"column":4}},"12":{"start":{"line":68,"column":10},"end":{"line":68,"column":30}},"13":{"start":{"line":80,"column":0},"end":{"line":80,"column":25}}},"fnMap":{"0":{"name":"(anonymous_1)","decl":{"start":{"line":17,"column":44},"end":{"line":17,"column":45}},"loc":{"start":{"line":17,"column":126},"end":{"line":78,"column":1}}},"1":{"name":"(anonymous_2)","decl":{"start":{"line":67,"column":20},"end":{"line":67,"column":21}},"loc":{"start":{"line":68,"column":10},"end":{"line":68,"column":30}}}},"branchMap":{"0":{"loc":{"start":{"line":17,"column":83},"end":{"line":17,"column":104}},"type":"default-arg","locations":[{"start":{"line":17,"column":99},"end":{"line":17,"column":104}}]},"1":{"loc":{"start":{"line":17,"column":106},"end":{"line":17,"column":120}},"type":"default-arg","locations":[{"start":{"line":17,"column":118},"end":{"line":17,"column":120}}]},"2":{"loc":{"start":{"line":24,"column":2},"end":{"line":59,"column":3}},"type":"if","locations":[{"start":{"line":24,"column":2},"end":{"line":59,"column":3}}]},"3":{"loc":{"start":{"line":24,"column":6},"end":{"line":24,"column":55}},"type":"binary-expr","locations":[{"start":{"line":24,"column":6},"end":{"line":24,"column":19}},{"start":{"line":24,"column":23},"end":{"line":24,"column":41}},{"start":{"line":24,"column":45},"end":{"line":24,"column":55}}]},"4":{"loc":{"start":{"line":26,"column":24},"end":{"line":28,"column":31}},"type":"cond-expr","locations":[{"start":{"line":27,"column":8},"end":{"line":27,"column":71}},{"start":{"line":28,"column":8},"end":{"line":28,"column":31}}]},"5":{"loc":{"start":{"line":62,"column":36},"end":{"line":62,"column":90}},"type":"binary-expr","locations":[{"start":{"line":62,"column":36},"end":{"line":62,"column":77}},{"start":{"line":62,"column":81},"end":{"line":62,"column":90}}]},"6":{"loc":{"start":{"line":62,"column":36},"end":{"line":62,"column":77}},"type":"cond-expr","locations":[{"start":{"line":62,"column":41},"end":{"line":62,"column":43}},{"start":{"line":62,"column":36},"end":{"line":62,"column":77}}]},"7":{"loc":{"start":{"line":62,"column":36},"end":{"line":62,"column":43}},"type":"binary-expr","locations":[{"start":{"line":62,"column":36},"end":{"line":62,"column":43}},{"start":{"line":62,"column":36},"end":{"line":62,"column":43}}]},"8":{"loc":{"start":{"line":63,"column":7},"end":{"line":64,"column":null}},"type":"binary-expr","locations":[{"start":{"line":63,"column":7},"end":{"line":63,"column":12}},{"start":{"line":64,"column":8},"end":{"line":64,"column":63}}]},"9":{"loc":{"start":{"line":74,"column":9},"end":{"line":74,"column":51}},"type":"binary-expr","locations":[{"start":{"line":74,"column":9},"end":{"line":74,"column":16}},{"start":{"line":74,"column":20},"end":{"line":74,"column":51}}]}},"s":{"0":2,"1":2,"2":2,"3":2,"4":2,"5":2,"6":74,"7":74,"8":1,"9":1,"10":1,"11":73,"12":38,"13":2},"f":{"0":74,"1":38},"b":{"0":[40],"1":[7],"2":[1],"3":[74,34,1],"4":[1,0],"5":[73,3],"6":[3,70],"7":[73,73],"8":[73,70],"9":[73,23]}}
,"/Users/tian/Desktop/fliknusantara/src/components/organisms/TopCarousel.tsx": {"path":"/Users/tian/Desktop/fliknusantara/src/components/organisms/TopCarousel.tsx","statementMap":{"0":{"start":{"line":1,"column":0},"end":{"line":1,"column":38}},"1":{"start":{"line":2,"column":0},"end":{"line":2,"column":63}},"2":{"start":{"line":3,"column":0},"end":{"line":3,"column":45}},"3":{"start":{"line":11,"column":48},"end":{"line":58,"column":1}},"4":{"start":{"line":12,"column":23},"end":{"line":12,"column":51}},"5":{"start":{"line":14,"column":17},"end":{"line":22,"column":3}},"6":{"start":{"line":15,"column":4},"end":{"line":21,"column":5}},"7":{"start":{"line":16,"column":27},"end":{"line":16,"column":65}},"8":{"start":{"line":17,"column":6},"end":{"line":20,"column":9}},"9":{"start":{"line":24,"column":2},"end":{"line":57,"column":4}},"10":{"start":{"line":31,"column":25},"end":{"line":31,"column":39}},"11":{"start":{"line":42,"column":12},"end":{"line":42,"column":32}},"12":{"start":{"line":49,"column":25},"end":{"line":49,"column":40}},"13":{"start":{"line":60,"column":0},"end":{"line":60,"column":27}}},"fnMap":{"0":{"name":"(anonymous_1)","decl":{"start":{"line":11,"column":48},"end":{"line":11,"column":49}},"loc":{"start":{"line":11,"column":102},"end":{"line":58,"column":1}}},"1":{"name":"(anonymous_2)","decl":{"start":{"line":14,"column":17},"end":{"line":14,"column":18}},"loc":{"start":{"line":14,"column":49},"end":{"line":22,"column":3}}},"2":{"name":"(anonymous_3)","decl":{"start":{"line":31,"column":19},"end":{"line":31,"column":22}},"loc":{"start":{"line":31,"column":25},"end":{"line":31,"column":39}}},"3":{"name":"(anonymous_4)","decl":{"start":{"line":41,"column":35},"end":{"line":41,"column":36}},"loc":{"start":{"line":42,"column":12},"end":{"line":42,"column":32}}},"4":{"name":"(anonymous_5)","decl":{"start":{"line":49,"column":19},"end":{"line":49,"column":22}},"loc":{"start":{"line":49,"column":25},"end":{"line":49,"column":40}}}},"branchMap":{"0":{"loc":{"start":{"line":11,"column":59},"end":{"line":11,"column":80}},"type":"default-arg","locations":[{"start":{"line":11,"column":67},"end":{"line":11,"column":80}}]},"1":{"loc":{"start":{"line":11,"column":82},"end":{"line":11,"column":96}},"type":"default-arg","locations":[{"start":{"line":11,"column":94},"end":{"line":11,"column":96}}]},"2":{"loc":{"start":{"line":15,"column":4},"end":{"line":21,"column":5}},"type":"if","locations":[{"start":{"line":15,"column":4},"end":{"line":21,"column":5}}]},"3":{"loc":{"start":{"line":18,"column":14},"end":{"line":18,"column":66}},"type":"cond-expr","locations":[{"start":{"line":18,"column":38},"end":{"line":18,"column":50}},{"start":{"line":18,"column":53},"end":{"line":18,"column":66}}]},"4":{"loc":{"start":{"line":26,"column":7},"end":{"line":27,"column":null}},"type":"binary-expr","locations":[{"start":{"line":26,"column":7},"end":{"line":26,"column":12}},{"start":{"line":27,"column":8},"end":{"line":27,"column":56}}]}},"s":{"0":1,"1":1,"2":1,"3":1,"4":7,"5":7,"6":2,"7":2,"8":2,"9":7,"10":1,"11":22,"12":1,"13":1},"f":{"0":7,"1":2,"2":1,"3":22,"4":1},"b":{"0":[6],"1":[6],"2":[2],"3":[1,1],"4":[7,7]}}
,"/Users/tian/Desktop/fliknusantara/src/components/organisms/TopTenCarousel.tsx": {"path":"/Users/tian/Desktop/fliknusantara/src/components/organisms/TopTenCarousel.tsx","statementMap":{"0":{"start":{"line":1,"column":0},"end":{"line":1,"column":38}},"1":{"start":{"line":2,"column":0},"end":{"line":2,"column":63}},"2":{"start":{"line":3,"column":0},"end":{"line":3,"column":37}},"3":{"start":{"line":4,"column":0},"end":{"line":4,"column":48}},"4":{"start":{"line":12,"column":54},"end":{"line":67,"column":1}},"5":{"start":{"line":13,"column":23},"end":{"line":13,"column":51}},"6":{"start":{"line":15,"column":17},"end":{"line":23,"column":3}},"7":{"start":{"line":16,"column":4},"end":{"line":22,"column":5}},"8":{"start":{"line":17,"column":27},"end":{"line":17,"column":65}},"9":{"start":{"line":18,"column":6},"end":{"line":21,"column":9}},"10":{"start":{"line":25,"column":2},"end":{"line":66,"column":4}},"11":{"start":{"line":33,"column":27},"end":{"line":33,"column":41}},"12":{"start":{"line":41,"column":27},"end":{"line":41,"column":42}},"13":{"start":{"line":57,"column":14},"end":{"line":57,"column":34}},"14":{"start":{"line":69,"column":0},"end":{"line":69,"column":30}}},"fnMap":{"0":{"name":"(anonymous_1)","decl":{"start":{"line":12,"column":54},"end":{"line":12,"column":55}},"loc":{"start":{"line":12,"column":89},"end":{"line":67,"column":1}}},"1":{"name":"(anonymous_2)","decl":{"start":{"line":15,"column":17},"end":{"line":15,"column":18}},"loc":{"start":{"line":15,"column":49},"end":{"line":23,"column":3}}},"2":{"name":"(anonymous_3)","decl":{"start":{"line":33,"column":21},"end":{"line":33,"column":24}},"loc":{"start":{"line":33,"column":27},"end":{"line":33,"column":41}}},"3":{"name":"(anonymous_4)","decl":{"start":{"line":41,"column":21},"end":{"line":41,"column":24}},"loc":{"start":{"line":41,"column":27},"end":{"line":41,"column":42}}},"4":{"name":"(anonymous_5)","decl":{"start":{"line":56,"column":37},"end":{"line":56,"column":38}},"loc":{"start":{"line":57,"column":14},"end":{"line":57,"column":34}}}},"branchMap":{"0":{"loc":{"start":{"line":16,"column":4},"end":{"line":22,"column":5}},"type":"if","locations":[{"start":{"line":16,"column":4},"end":{"line":22,"column":5}}]},"1":{"loc":{"start":{"line":19,"column":14},"end":{"line":19,"column":66}},"type":"cond-expr","locations":[{"start":{"line":19,"column":38},"end":{"line":19,"column":50}},{"start":{"line":19,"column":53},"end":{"line":19,"column":66}}]},"2":{"loc":{"start":{"line":26,"column":46},"end":{"line":26,"column":61}},"type":"binary-expr","locations":[{"start":{"line":26,"column":46},"end":{"line":26,"column":55}},{"start":{"line":26,"column":59},"end":{"line":26,"column":61}}]},"3":{"loc":{"start":{"line":50,"column":9},"end":{"line":62,"column":null}},"type":"cond-expr","locations":[{"start":{"line":51,"column":10},"end":{"line":52,"column":null}},{"start":{"line":55,"column":10},"end":{"line":61,"column":null}}]}},"s":{"0":2,"1":2,"2":2,"3":2,"4":2,"5":40,"6":40,"7":2,"8":2,"9":2,"10":40,"11":1,"12":1,"13":42,"14":2},"f":{"0":40,"1":2,"2":1,"3":1,"4":42},"b":{"0":[2],"1":[1,1],"2":[40,39],"3":[12,28]}}
,"/Users/tian/Desktop/fliknusantara/src/hooks/useInfiniteScroll.ts": {"path":"/Users/tian/Desktop/fliknusantara/src/hooks/useInfiniteScroll.ts","statementMap":{"0":{"start":{"line":1,"column":0},"end":{"line":1,"column":42}},"1":{"start":{"line":10,"column":33},"end":{"line":45,"column":1}},"2":{"start":{"line":16,"column":22},"end":{"line":16,"column":63}},"3":{"start":{"line":17,"column":22},"end":{"line":17,"column":57}},"4":{"start":{"line":19,"column":2},"end":{"line":42,"column":51}},"5":{"start":{"line":20,"column":20},"end":{"line":24,"column":6}},"6":{"start":{"line":26,"column":4},"end":{"line":31,"column":16}},"7":{"start":{"line":27,"column":22},"end":{"line":27,"column":29}},"8":{"start":{"line":28,"column":6},"end":{"line":30,"column":7}},"9":{"start":{"line":29,"column":8},"end":{"line":29,"column":21}},"10":{"start":{"line":33,"column":4},"end":{"line":35,"column":5}},"11":{"start":{"line":34,"column":6},"end":{"line":34,"column":55}},"12":{"start":{"line":37,"column":4},"end":{"line":41,"column":6}},"13":{"start":{"line":38,"column":6},"end":{"line":40,"column":7}},"14":{"start":{"line":39,"column":8},"end":{"line":39,"column":41}},"15":{"start":{"line":44,"column":2},"end":{"line":44,"column":25}},"16":{"start":{"line":10,"column":13},"end":{"line":10,"column":33}}},"fnMap":{"0":{"name":"(anonymous_0)","decl":{"start":{"line":10,"column":33},"end":{"line":10,"column":34}},"loc":{"start":{"line":15,"column":31},"end":{"line":45,"column":1}}},"1":{"name":"(anonymous_1)","decl":{"start":{"line":19,"column":12},"end":{"line":19,"column":15}},"loc":{"start":{"line":19,"column":17},"end":{"line":42,"column":3}}},"2":{"name":"(anonymous_2)","decl":{"start":{"line":26,"column":51},"end":{"line":26,"column":52}},"loc":{"start":{"line":26,"column":63},"end":{"line":31,"column":5}}},"3":{"name":"(anonymous_3)","decl":{"start":{"line":37,"column":11},"end":{"line":37,"column":14}},"loc":{"start":{"line":37,"column":16},"end":{"line":41,"column":5}}}},"branchMap":{"0":{"loc":{"start":{"line":13,"column":2},"end":{"line":13,"column":21}},"type":"default-arg","locations":[{"start":{"line":13,"column":15},"end":{"line":13,"column":21}}]},"1":{"loc":{"start":{"line":14,"column":2},"end":{"line":14,"column":17}},"type":"default-arg","locations":[{"start":{"line":14,"column":14},"end":{"line":14,"column":17}}]},"2":{"loc":{"start":{"line":28,"column":6},"end":{"line":30,"column":7}},"type":"if","locations":[{"start":{"line":28,"column":6},"end":{"line":30,"column":7}}]},"3":{"loc":{"start":{"line":28,"column":10},"end":{"line":28,"column":42}},"type":"binary-expr","locations":[{"start":{"line":28,"column":10},"end":{"line":28,"column":30}},{"start":{"line":28,"column":34},"end":{"line":28,"column":42}}]},"4":{"loc":{"start":{"line":33,"column":4},"end":{"line":35,"column":5}},"type":"if","locations":[{"start":{"line":33,"column":4},"end":{"line":35,"column":5}}]},"5":{"loc":{"start":{"line":38,"column":6},"end":{"line":40,"column":7}},"type":"if","locations":[{"start":{"line":38,"column":6},"end":{"line":40,"column":7}}]}},"s":{"0":2,"1":2,"2":74,"3":74,"4":74,"5":74,"6":74,"7":3,"8":3,"9":2,"10":74,"11":69,"12":74,"13":74,"14":74,"15":74,"16":2},"f":{"0":74,"1":74,"2":3,"3":74},"b":{"0":[4],"1":[73],"2":[2],"3":[3,3],"4":[69],"5":[74]}}
,"/Users/tian/Desktop/fliknusantara/src/pages/Home.tsx": {"path":"/Users/tian/Desktop/fliknusantara/src/pages/Home.tsx","statementMap":{"0":{"start":{"line":2,"column":0},"end":{"line":2,"column":64}},"1":{"start":{"line":3,"column":0},"end":{"line":3,"column":95}},"2":{"start":{"line":4,"column":0},"end":{"line":4,"column":58}},"3":{"start":{"line":5,"column":0},"end":{"line":5,"column":68}},"4":{"start":{"line":6,"column":0},"end":{"line":6,"column":52}},"5":{"start":{"line":7,"column":0},"end":{"line":7,"column":66}},"6":{"start":{"line":8,"column":0},"end":{"line":8,"column":33}},"7":{"start":{"line":9,"column":0},"end":{"line":9,"column":62}},"8":{"start":{"line":13,"column":54},"end":{"line":18,"column":2}},"9":{"start":{"line":20,"column":23},"end":{"line":157,"column":1}},"10":{"start":{"line":21,"column":30},"end":{"line":21,"column":68}},"11":{"start":{"line":22,"column":36},"end":{"line":22,"column":74}},"12":{"start":{"line":23,"column":32},"end":{"line":23,"column":47}},"13":{"start":{"line":24,"column":50},"end":{"line":24,"column":65}},"14":{"start":{"line":25,"column":26},"end":{"line":25,"column":37}},"15":{"start":{"line":26,"column":34},"end":{"line":26,"column":71}},"16":{"start":{"line":27,"column":40},"end":{"line":27,"column":52}},"17":{"start":{"line":28,"column":42},"end":{"line":28,"column":80}},"18":{"start":{"line":29,"column":44},"end":{"line":29,"column":59}},"19":{"start":{"line":31,"column":22},"end":{"line":58,"column":49}},"20":{"start":{"line":31,"column":62},"end":{"line":58,"column":5}},"21":{"start":{"line":32,"column":4},"end":{"line":57,"column":5}},"22":{"start":{"line":33,"column":6},"end":{"line":33,"column":23}},"23":{"start":{"line":34,"column":26},"end":{"line":34,"column":46}},"24":{"start":{"line":35,"column":23},"end":{"line":37,"column":60}},"25":{"start":{"line":39,"column":24},"end":{"line":39,"column":40}},"26":{"start":{"line":41,"column":6},"end":{"line":47,"column":7}},"27":{"start":{"line":42,"column":8},"end":{"line":42,"column":31}},"28":{"start":{"line":43,"column":8},"end":{"line":46,"column":9}},"29":{"start":{"line":44,"column":32},"end":{"line":44,"column":55}},"30":{"start":{"line":45,"column":10},"end":{"line":45,"column":49}},"31":{"start":{"line":49,"column":6},"end":{"line":51,"column":9}},"32":{"start":{"line":50,"column":8},"end":{"line":50,"column":61}},"33":{"start":{"line":52,"column":6},"end":{"line":52,"column":48}},"34":{"start":{"line":52,"column":22},"end":{"line":52,"column":48}},"35":{"start":{"line":52,"column":38},"end":{"line":52,"column":46}},"36":{"start":{"line":54,"column":6},"end":{"line":54,"column":53}},"37":{"start":{"line":56,"column":6},"end":{"line":56,"column":24}},"38":{"start":{"line":60,"column":26},"end":{"line":70,"column":7}},"39":{"start":{"line":60,"column":49},"end":{"line":70,"column":4}},"40":{"start":{"line":61,"column":4},"end":{"line":69,"column":5}},"41":{"start":{"line":62,"column":6},"end":{"line":62,"column":32}},"42":{"start":{"line":63,"column":23},"end":{"line":63,"column":61}},"43":{"start":{"line":64,"column":6},"end":{"line":64,"column":37}},"44":{"start":{"line":66,"column":6},"end":{"line":66,"column":57}},"45":{"start":{"line":68,"column":6},"end":{"line":68,"column":33}},"46":{"start":{"line":72,"column":2},"end":{"line":79,"column":17}},"47":{"start":{"line":73,"column":4},"end":{"line":73,"column":18}},"48":{"start":{"line":74,"column":4},"end":{"line":74,"column":15}},"49":{"start":{"line":75,"column":4},"end":{"line":75,"column":22}},"50":{"start":{"line":76,"column":4},"end":{"line":78,"column":5}},"51":{"start":{"line":77,"column":6},"end":{"line":77,"column":23}},"52":{"start":{"line":81,"column":23},"end":{"line":93,"column":3}},"53":{"start":{"line":82,"column":4},"end":{"line":82,"column":26}},"54":{"start":{"line":83,"column":4},"end":{"line":83,"column":18}},"55":{"start":{"line":84,"column":4},"end":{"line":84,"column":15}},"56":{"start":{"line":85,"column":4},"end":{"line":85,"column":28}},"57":{"start":{"line":86,"column":4},"end":{"line":86,"column":24}},"58":{"start":{"line":88,"column":4},"end":{"line":92,"column":5}},"59":{"start":{"line":89,"column":6},"end":{"line":89,"column":24}},"60":{"start":{"line":91,"column":6},"end":{"line":91,"column":33}},"61":{"start":{"line":95,"column":2},"end":{"line":156,"column":4}},"62":{"start":{"line":118,"column":34},"end":{"line":118,"column":47}},"63":{"start":{"line":126,"column":34},"end":{"line":126,"column":47}},"64":{"start":{"line":138,"column":32},"end":{"line":138,"column":45}},"65":{"start":{"line":159,"column":0},"end":{"line":159,"column":20}}},"fnMap":{"0":{"name":"(anonymous_8)","decl":{"start":{"line":20,"column":23},"end":{"line":20,"column":26}},"loc":{"start":{"line":20,"column":28},"end":{"line":157,"column":1}}},"1":{"name":"(anonymous_9)","decl":{"start":{"line":31,"column":34},"end":{"line":31,"column":41}},"loc":{"start":{"line":31,"column":62},"end":{"line":58,"column":5}}},"2":{"name":"(anonymous_10)","decl":{"start":{"line":31,"column":62},"end":{"line":31,"column":null}},"loc":{"start":{"line":31,"column":58},"end":{"line":58,"column":3}}},"3":{"name":"(anonymous_11)","decl":{"start":{"line":49,"column":16},"end":{"line":49,"column":26}},"loc":{"start":{"line":50,"column":8},"end":{"line":50,"column":61}}},"4":{"name":"(anonymous_12)","decl":{"start":{"line":52,"column":30},"end":{"line":52,"column":34}},"loc":{"start":{"line":52,"column":38},"end":{"line":52,"column":46}}},"5":{"name":"(anonymous_13)","decl":{"start":{"line":60,"column":38},"end":{"line":60,"column":47}},"loc":{"start":{"line":60,"column":49},"end":{"line":70,"column":4}}},"6":{"name":"(anonymous_14)","decl":{"start":{"line":60,"column":49},"end":{"line":60,"column":null}},"loc":{"start":{"line":60,"column":49},"end":{"line":70,"column":3}}},"7":{"name":"(anonymous_15)","decl":{"start":{"line":72,"column":12},"end":{"line":72,"column":15}},"loc":{"start":{"line":72,"column":17},"end":{"line":79,"column":3}}},"8":{"name":"(anonymous_16)","decl":{"start":{"line":81,"column":23},"end":{"line":81,"column":24}},"loc":{"start":{"line":81,"column":41},"end":{"line":93,"column":3}}},"9":{"name":"(anonymous_17)","decl":{"start":{"line":118,"column":28},"end":{"line":118,"column":31}},"loc":{"start":{"line":118,"column":34},"end":{"line":118,"column":47}}},"10":{"name":"(anonymous_18)","decl":{"start":{"line":126,"column":28},"end":{"line":126,"column":31}},"loc":{"start":{"line":126,"column":34},"end":{"line":126,"column":47}}},"11":{"name":"(anonymous_19)","decl":{"start":{"line":138,"column":26},"end":{"line":138,"column":29}},"loc":{"start":{"line":138,"column":32},"end":{"line":138,"column":45}}},"12":{"name":"(anonymous_20)","decl":{"start":{"line":148,"column":26},"end":{"line":148,"column":29}},"loc":{"start":{"line":148,"column":31},"end":{"line":148,"column":34}}}},"branchMap":{"0":{"loc":{"start":{"line":31,"column":41},"end":{"line":31,"column":58}},"type":"default-arg","locations":[{"start":{"line":31,"column":53},"end":{"line":31,"column":58}}]},"1":{"loc":{"start":{"line":34,"column":26},"end":{"line":34,"column":46}},"type":"cond-expr","locations":[{"start":{"line":34,"column":38},"end":{"line":34,"column":39}},{"start":{"line":34,"column":42},"end":{"line":34,"column":46}}]},"2":{"loc":{"start":{"line":35,"column":23},"end":{"line":37,"column":60}},"type":"cond-expr","locations":[{"start":{"line":36,"column":10},"end":{"line":36,"column":54}},{"start":{"line":37,"column":10},"end":{"line":37,"column":60}}]},"3":{"loc":{"start":{"line":41,"column":6},"end":{"line":47,"column":7}},"type":"if","locations":[{"start":{"line":41,"column":6},"end":{"line":47,"column":7}}]},"4":{"loc":{"start":{"line":43,"column":8},"end":{"line":46,"column":9}},"type":"if","locations":[{"start":{"line":43,"column":8},"end":{"line":46,"column":9}}]},"5":{"loc":{"start":{"line":50,"column":8},"end":{"line":50,"column":61}},"type":"cond-expr","locations":[{"start":{"line":50,"column":20},"end":{"line":50,"column":29}},{"start":{"line":50,"column":32},"end":{"line":50,"column":61}}]},"6":{"loc":{"start":{"line":52,"column":6},"end":{"line":52,"column":48}},"type":"if","locations":[{"start":{"line":52,"column":6},"end":{"line":52,"column":48}}]},"7":{"loc":{"start":{"line":76,"column":4},"end":{"line":78,"column":5}},"type":"if","locations":[{"start":{"line":76,"column":4},"end":{"line":78,"column":5}}]},"8":{"loc":{"start":{"line":88,"column":4},"end":{"line":92,"column":5}},"type":"if","locations":[{"start":{"line":88,"column":4},"end":{"line":92,"column":5}},{"start":{"line":90,"column":11},"end":{"line":92,"column":5}}]},"9":{"loc":{"start":{"line":105,"column":9},"end":{"line":131,"column":null}},"type":"binary-expr","locations":[{"start":{"line":105,"column":9},"end":{"line":105,"column":21}},{"start":{"line":106,"column":10},"end":{"line":130,"column":null}}]},"10":{"loc":{"start":{"line":133,"column":9},"end":{"line":141,"column":null}},"type":"binary-expr","locations":[{"start":{"line":133,"column":9},"end":{"line":133,"column":20}},{"start":{"line":134,"column":10},"end":{"line":140,"column":null}}]},"11":{"loc":{"start":{"line":139,"column":23},"end":{"line":139,"column":48}},"type":"binary-expr","locations":[{"start":{"line":139,"column":23},"end":{"line":139,"column":30}},{"start":{"line":139,"column":34},"end":{"line":139,"column":48}}]},"12":{"loc":{"start":{"line":143,"column":9},"end":{"line":151,"column":null}},"type":"binary-expr","locations":[{"start":{"line":143,"column":9},"end":{"line":143,"column":22}},{"start":{"line":143,"column":26},"end":{"line":143,"column":49}},{"start":{"line":144,"column":10},"end":{"line":150,"column":null}}]}},"s":{"0":1,"1":1,"2":1,"3":1,"4":1,"5":1,"6":1,"7":1,"8":1,"9":1,"10":36,"11":36,"12":36,"13":36,"14":36,"15":36,"16":36,"17":36,"18":36,"19":36,"20":14,"21":14,"22":14,"23":14,"24":14,"25":13,"26":13,"27":0,"28":0,"29":0,"30":0,"31":13,"32":13,"33":13,"34":0,"35":0,"36":1,"37":14,"38":36,"39":11,"40":11,"41":11,"42":11,"43":10,"44":1,"45":11,"46":36,"47":11,"48":11,"49":11,"50":11,"51":11,"52":36,"53":3,"54":3,"55":3,"56":3,"57":3,"58":3,"59":3,"60":0,"61":36,"62":0,"63":0,"64":0,"65":1},"f":{"0":36,"1":14,"2":14,"3":13,"4":0,"5":11,"6":11,"7":11,"8":3,"9":0,"10":0,"11":0,"12":0},"b":{"0":[0],"1":[14,0],"2":[0,14],"3":[0],"4":[0],"5":[13,0],"6":[0],"7":[11],"8":[3,0],"9":[36,33],"10":[36,3],"11":[3,0],"12":[36,0,0]}}
,"/Users/tian/Desktop/fliknusantara/src/pages/MovieDetail.tsx": {"path":"/Users/tian/Desktop/fliknusantara/src/pages/MovieDetail.tsx","statementMap":{"0":{"start":{"line":1,"column":0},"end":{"line":1,"column":51}},"1":{"start":{"line":2,"column":0},"end":{"line":2,"column":58}},"2":{"start":{"line":3,"column":0},"end":{"line":3,"column":69}},"3":{"start":{"line":4,"column":0},"end":{"line":4,"column":48}},"4":{"start":{"line":5,"column":0},"end":{"line":5,"column":40}},"5":{"start":{"line":7,"column":30},"end":{"line":118,"column":1}},"6":{"start":{"line":8,"column":17},"end":{"line":8,"column":44}},"7":{"start":{"line":9,"column":19},"end":{"line":9,"column":32}},"8":{"start":{"line":10,"column":28},"end":{"line":10,"column":63}},"9":{"start":{"line":11,"column":32},"end":{"line":11,"column":46}},"10":{"start":{"line":13,"column":2},"end":{"line":28,"column":11}},"11":{"start":{"line":14,"column":30},"end":{"line":25,"column":6}},"12":{"start":{"line":14,"column":41},"end":{"line":25,"column":6}},"13":{"start":{"line":15,"column":6},"end":{"line":24,"column":7}},"14":{"start":{"line":16,"column":8},"end":{"line":19,"column":9}},"15":{"start":{"line":17,"column":23},"end":{"line":17,"column":58}},"16":{"start":{"line":18,"column":10},"end":{"line":18,"column":25}},"17":{"start":{"line":21,"column":8},"end":{"line":21,"column":62}},"18":{"start":{"line":23,"column":8},"end":{"line":23,"column":26}},"19":{"start":{"line":27,"column":4},"end":{"line":27,"column":24}},"20":{"start":{"line":30,"column":2},"end":{"line":36,"column":3}},"21":{"start":{"line":31,"column":4},"end":{"line":35,"column":6}},"22":{"start":{"line":38,"column":2},"end":{"line":44,"column":3}},"23":{"start":{"line":39,"column":4},"end":{"line":43,"column":6}},"24":{"start":{"line":46,"column":19},"end":{"line":46,"column":79}},"25":{"start":{"line":46,"column":53},"end":{"line":46,"column":78}},"26":{"start":{"line":47,"column":19},"end":{"line":47,"column":49}},"27":{"start":{"line":49,"column":2},"end":{"line":117,"column":4}},"28":{"start":{"line":54,"column":25},"end":{"line":54,"column":37}},"29":{"start":{"line":84,"column":20},"end":{"line":85,"column":null}},"30":{"start":{"line":105,"column":20},"end":{"line":105,"column":40}},"31":{"start":{"line":120,"column":0},"end":{"line":120,"column":27}}},"fnMap":{"0":{"name":"(anonymous_8)","decl":{"start":{"line":7,"column":30},"end":{"line":7,"column":33}},"loc":{"start":{"line":7,"column":35},"end":{"line":118,"column":1}}},"1":{"name":"(anonymous_9)","decl":{"start":{"line":13,"column":12},"end":{"line":13,"column":15}},"loc":{"start":{"line":13,"column":17},"end":{"line":28,"column":3}}},"2":{"name":"(anonymous_10)","decl":{"start":{"line":14,"column":30},"end":{"line":14,"column":39}},"loc":{"start":{"line":14,"column":41},"end":{"line":25,"column":6}}},"3":{"name":"(anonymous_11)","decl":{"start":{"line":14,"column":41},"end":{"line":14,"column":null}},"loc":{"start":{"line":14,"column":41},"end":{"line":25,"column":5}}},"4":{"name":"(anonymous_12)","decl":{"start":{"line":46,"column":43},"end":{"line":46,"column":49}},"loc":{"start":{"line":46,"column":53},"end":{"line":46,"column":78}}},"5":{"name":"(anonymous_13)","decl":{"start":{"line":54,"column":19},"end":{"line":54,"column":22}},"loc":{"start":{"line":54,"column":25},"end":{"line":54,"column":37}}},"6":{"name":"(anonymous_14)","decl":{"start":{"line":83,"column":36},"end":{"line":83,"column":41}},"loc":{"start":{"line":84,"column":20},"end":{"line":85,"column":null}}},"7":{"name":"(anonymous_15)","decl":{"start":{"line":104,"column":32},"end":{"line":104,"column":37}},"loc":{"start":{"line":105,"column":20},"end":{"line":105,"column":40}}}},"branchMap":{"0":{"loc":{"start":{"line":16,"column":8},"end":{"line":19,"column":9}},"type":"if","locations":[{"start":{"line":16,"column":8},"end":{"line":19,"column":9}}]},"1":{"loc":{"start":{"line":30,"column":2},"end":{"line":36,"column":3}},"type":"if","locations":[{"start":{"line":30,"column":2},"end":{"line":36,"column":3}}]},"2":{"loc":{"start":{"line":38,"column":2},"end":{"line":44,"column":3}},"type":"if","locations":[{"start":{"line":38,"column":2},"end":{"line":44,"column":3}}]},"3":{"loc":{"start":{"line":94,"column":15},"end":{"line":98,"column":null}},"type":"binary-expr","locations":[{"start":{"line":94,"column":15},"end":{"line":94,"column":23}},{"start":{"line":95,"column":16},"end":{"line":97,"column":null}}]}},"s":{"0":1,"1":1,"2":1,"3":1,"4":1,"5":1,"6":9,"7":9,"8":9,"9":9,"10":9,"11":5,"12":5,"13":5,"14":5,"15":5,"16":4,"17":1,"18":5,"19":5,"20":9,"21":5,"22":4,"23":2,"24":2,"25":2,"26":2,"27":2,"28":1,"29":2,"30":4,"31":1},"f":{"0":9,"1":5,"2":5,"3":5,"4":2,"5":1,"6":2,"7":4},"b":{"0":[5],"1":[5],"2":[2],"3":[2,2]}}
}
