{"/Users/tian/Desktop/fliknusantara/src/App.tsx": {"path":"/Users/tian/Desktop/fliknusantara/src/App.tsx","statementMap":{"0":{"start":{"line":2,"column":0},"end":{"line":2,"column":49}},"1":{"start":{"line":3,"column":0},"end":{"line":3,"column":32}},"2":{"start":{"line":4,"column":0},"end":{"line":4,"column":46}},"3":{"start":{"line":6,"column":22},"end":{"line":14,"column":1}},"4":{"start":{"line":7,"column":2},"end":{"line":13,"column":4}},"5":{"start":{"line":16,"column":0},"end":{"line":16,"column":19}}},"fnMap":{"0":{"name":"(anonymous_1)","decl":{"start":{"line":6,"column":22},"end":{"line":6,"column":25}},"loc":{"start":{"line":6,"column":27},"end":{"line":14,"column":1}}}},"branchMap":{},"s":{"0":1,"1":1,"2":1,"3":1,"4":3,"5":1},"f":{"0":3},"b":{}}
,"/Users/tian/Desktop/fliknusantara/src/components/atoms/BackToTopButton.tsx": {"path":"/Users/tian/Desktop/fliknusantara/src/components/atoms/BackToTopButton.tsx","statementMap":{"0":{"start":{"line":1,"column":0},"end":{"line":1,"column":51}},"1":{"start":{"line":2,"column":0},"end":{"line":2,"column":49}},"2":{"start":{"line":4,"column":34},"end":{"line":53,"column":1}},"3":{"start":{"line":5,"column":36},"end":{"line":5,"column":51}},"4":{"start":{"line":7,"column":2},"end":{"line":21,"column":9}},"5":{"start":{"line":8,"column":29},"end":{"line":14,"column":5}},"6":{"start":{"line":9,"column":6},"end":{"line":13,"column":7}},"7":{"start":{"line":10,"column":8},"end":{"line":10,"column":27}},"8":{"start":{"line":12,"column":8},"end":{"line":12,"column":28}},"9":{"start":{"line":16,"column":4},"end":{"line":16,"column":56}},"10":{"start":{"line":18,"column":4},"end":{"line":20,"column":6}},"11":{"start":{"line":19,"column":6},"end":{"line":19,"column":61}},"12":{"start":{"line":23,"column":22},"end":{"line":28,"column":3}},"13":{"start":{"line":24,"column":4},"end":{"line":27,"column":7}},"14":{"start":{"line":30,"column":2},"end":{"line":52,"column":4}},"15":{"start":{"line":55,"column":0},"end":{"line":55,"column":31}}},"fnMap":{"0":{"name":"(anonymous_0)","decl":{"start":{"line":4,"column":34},"end":{"line":4,"column":37}},"loc":{"start":{"line":4,"column":39},"end":{"line":53,"column":1}}},"1":{"name":"(anonymous_1)","decl":{"start":{"line":7,"column":12},"end":{"line":7,"column":15}},"loc":{"start":{"line":7,"column":17},"end":{"line":21,"column":3}}},"2":{"name":"(anonymous_2)","decl":{"start":{"line":8,"column":29},"end":{"line":8,"column":32}},"loc":{"start":{"line":8,"column":34},"end":{"line":14,"column":5}}},"3":{"name":"(anonymous_3)","decl":{"start":{"line":18,"column":11},"end":{"line":18,"column":14}},"loc":{"start":{"line":18,"column":16},"end":{"line":20,"column":5}}},"4":{"name":"(anonymous_4)","decl":{"start":{"line":23,"column":22},"end":{"line":23,"column":25}},"loc":{"start":{"line":23,"column":27},"end":{"line":28,"column":3}}}},"branchMap":{"0":{"loc":{"start":{"line":9,"column":6},"end":{"line":13,"column":7}},"type":"if","locations":[{"start":{"line":9,"column":6},"end":{"line":13,"column":7}},{"start":{"line":11,"column":13},"end":{"line":13,"column":7}}]},"1":{"loc":{"start":{"line":32,"column":32},"end":{"line":32,"column":71}},"type":"cond-expr","locations":[{"start":{"line":32,"column":44},"end":{"line":32,"column":66}},{"start":{"line":32,"column":69},"end":{"line":32,"column":71}}]},"2":{"loc":{"start":{"line":35,"column":24},"end":{"line":35,"column":52}},"type":"cond-expr","locations":[{"start":{"line":35,"column":36},"end":{"line":35,"column":43}},{"start":{"line":35,"column":46},"end":{"line":35,"column":52}}]}},"s":{"0":2,"1":2,"2":2,"3":46,"4":46,"5":14,"6":3,"7":2,"8":1,"9":14,"10":14,"11":14,"12":46,"13":1,"14":46,"15":2},"f":{"0":46,"1":14,"2":3,"3":14,"4":1},"b":{"0":[2,1],"1":[2,44],"2":[2,44]}}
,"/Users/tian/Desktop/fliknusantara/src/components/atoms/Button.tsx": {"path":"/Users/tian/Desktop/fliknusantara/src/components/atoms/Button.tsx","statementMap":{"0":{"start":{"line":2,"column":0},"end":{"line":2,"column":40}},"1":{"start":{"line":14,"column":38},"end":{"line":34,"column":1}},"2":{"start":{"line":23,"column":2},"end":{"line":33,"column":4}},"3":{"start":{"line":37,"column":0},"end":{"line":37,"column":22}}},"fnMap":{"0":{"name":"(anonymous_0)","decl":{"start":{"line":14,"column":38},"end":{"line":14,"column":39}},"loc":{"start":{"line":22,"column":5},"end":{"line":34,"column":1}}}},"branchMap":{"0":{"loc":{"start":{"line":17,"column":2},"end":{"line":17,"column":21}},"type":"default-arg","locations":[{"start":{"line":17,"column":12},"end":{"line":17,"column":21}}]},"1":{"loc":{"start":{"line":18,"column":2},"end":{"line":18,"column":16}},"type":"default-arg","locations":[{"start":{"line":18,"column":14},"end":{"line":18,"column":16}}]},"2":{"loc":{"start":{"line":19,"column":2},"end":{"line":19,"column":18}},"type":"default-arg","locations":[{"start":{"line":19,"column":13},"end":{"line":19,"column":18}}]},"3":{"loc":{"start":{"line":21,"column":2},"end":{"line":21,"column":17}},"type":"default-arg","locations":[{"start":{"line":21,"column":9},"end":{"line":21,"column":17}}]}},"s":{"0":8,"1":8,"2":375,"3":8},"f":{"0":375},"b":{"0":[10],"1":[8],"2":[373],"3":[374]}}
,"/Users/tian/Desktop/fliknusantara/src/components/atoms/Loader.tsx": {"path":"/Users/tian/Desktop/fliknusantara/src/components/atoms/Loader.tsx","statementMap":{"0":{"start":{"line":2,"column":0},"end":{"line":2,"column":40}},"1":{"start":{"line":8,"column":38},"end":{"line":15,"column":1}},"2":{"start":{"line":9,"column":2},"end":{"line":14,"column":4}},"3":{"start":{"line":17,"column":0},"end":{"line":17,"column":22}}},"fnMap":{"0":{"name":"(anonymous_0)","decl":{"start":{"line":8,"column":38},"end":{"line":8,"column":39}},"loc":{"start":{"line":8,"column":61},"end":{"line":15,"column":1}}}},"branchMap":{"0":{"loc":{"start":{"line":8,"column":41},"end":{"line":8,"column":55}},"type":"default-arg","locations":[{"start":{"line":8,"column":53},"end":{"line":8,"column":55}}]}},"s":{"0":3,"1":3,"2":35,"3":3},"f":{"0":35},"b":{"0":[34]}}
,"/Users/tian/Desktop/fliknusantara/src/components/molecules/MovieCard.tsx": {"path":"/Users/tian/Desktop/fliknusantara/src/components/molecules/MovieCard.tsx","statementMap":{"0":{"start":{"line":2,"column":0},"end":{"line":2,"column":40}},"1":{"start":{"line":3,"column":0},"end":{"line":3,"column":37}},"2":{"start":{"line":4,"column":0},"end":{"line":4,"column":43}},"3":{"start":{"line":19,"column":44},"end":{"line":46,"column":1}},"4":{"start":{"line":20,"column":19},"end":{"line":20,"column":72}},"5":{"start":{"line":21,"column":22},"end":{"line":21,"column":64}},"6":{"start":{"line":23,"column":2},"end":{"line":45,"column":4}},"7":{"start":{"line":48,"column":0},"end":{"line":48,"column":25}}},"fnMap":{"0":{"name":"(anonymous_1)","decl":{"start":{"line":19,"column":44},"end":{"line":19,"column":45}},"loc":{"start":{"line":19,"column":58},"end":{"line":46,"column":1}}}},"branchMap":{},"s":{"0":5,"1":5,"2":5,"3":5,"4":99,"5":99,"6":99,"7":5},"f":{"0":99},"b":{}}
,"/Users/tian/Desktop/fliknusantara/src/components/organisms/Header.tsx": {"path":"/Users/tian/Desktop/fliknusantara/src/components/organisms/Header.tsx","statementMap":{"0":{"start":{"line":1,"column":0},"end":{"line":1,"column":51}},"1":{"start":{"line":2,"column":0},"end":{"line":2,"column":37}},"2":{"start":{"line":3,"column":0},"end":{"line":3,"column":40}},"3":{"start":{"line":14,"column":54},"end":{"line":19,"column":2}},"4":{"start":{"line":21,"column":38},"end":{"line":89,"column":1}},"5":{"start":{"line":27,"column":38},"end":{"line":27,"column":53}},"6":{"start":{"line":28,"column":44},"end":{"line":28,"column":85}},"7":{"start":{"line":30,"column":2},"end":{"line":37,"column":9}},"8":{"start":{"line":31,"column":25},"end":{"line":33,"column":5}},"9":{"start":{"line":32,"column":6},"end":{"line":32,"column":41}},"10":{"start":{"line":35,"column":4},"end":{"line":35,"column":52}},"11":{"start":{"line":36,"column":4},"end":{"line":36,"column":68}},"12":{"start":{"line":36,"column":17},"end":{"line":36,"column":67}},"13":{"start":{"line":39,"column":23},"end":{"line":48,"column":3}},"14":{"start":{"line":40,"column":18},"end":{"line":40,"column":36}},"15":{"start":{"line":41,"column":4},"end":{"line":41,"column":51}},"16":{"start":{"line":41,"column":23},"end":{"line":41,"column":51}},"17":{"start":{"line":43,"column":20},"end":{"line":45,"column":11}},"18":{"start":{"line":44,"column":6},"end":{"line":44,"column":22}},"19":{"start":{"line":47,"column":4},"end":{"line":47,"column":30}},"20":{"start":{"line":50,"column":2},"end":{"line":88,"column":4}},"21":{"start":{"line":74,"column":16},"end":{"line":75,"column":null}},"22":{"start":{"line":77,"column":33},"end":{"line":77,"column":70}},"23":{"start":{"line":91,"column":0},"end":{"line":91,"column":22}}},"fnMap":{"0":{"name":"(anonymous_1)","decl":{"start":{"line":21,"column":38},"end":{"line":21,"column":39}},"loc":{"start":{"line":26,"column":5},"end":{"line":89,"column":1}}},"1":{"name":"(anonymous_2)","decl":{"start":{"line":30,"column":12},"end":{"line":30,"column":15}},"loc":{"start":{"line":30,"column":17},"end":{"line":37,"column":3}}},"2":{"name":"(anonymous_3)","decl":{"start":{"line":31,"column":25},"end":{"line":31,"column":28}},"loc":{"start":{"line":31,"column":30},"end":{"line":33,"column":5}}},"3":{"name":"(anonymous_4)","decl":{"start":{"line":36,"column":11},"end":{"line":36,"column":14}},"loc":{"start":{"line":36,"column":17},"end":{"line":36,"column":67}}},"4":{"name":"(anonymous_5)","decl":{"start":{"line":39,"column":23},"end":{"line":39,"column":24}},"loc":{"start":{"line":39,"column":70},"end":{"line":48,"column":3}}},"5":{"name":"(anonymous_6)","decl":{"start":{"line":43,"column":31},"end":{"line":43,"column":34}},"loc":{"start":{"line":43,"column":36},"end":{"line":45,"column":5}}},"6":{"name":"(anonymous_7)","decl":{"start":{"line":73,"column":63},"end":{"line":73,"column":66}},"loc":{"start":{"line":74,"column":16},"end":{"line":75,"column":null}}},"7":{"name":"(anonymous_8)","decl":{"start":{"line":77,"column":27},"end":{"line":77,"column":30}},"loc":{"start":{"line":77,"column":33},"end":{"line":77,"column":70}}}},"branchMap":{"0":{"loc":{"start":{"line":41,"column":4},"end":{"line":41,"column":51}},"type":"if","locations":[{"start":{"line":41,"column":4},"end":{"line":41,"column":51}}]},"1":{"loc":{"start":{"line":51,"column":33},"end":{"line":51,"column":69}},"type":"cond-expr","locations":[{"start":{"line":51,"column":46},"end":{"line":51,"column":64}},{"start":{"line":51,"column":67},"end":{"line":51,"column":69}}]},"2":{"loc":{"start":{"line":71,"column":11},"end":{"line":83,"column":null}},"type":"binary-expr","locations":[{"start":{"line":71,"column":11},"end":{"line":71,"column":23}},{"start":{"line":72,"column":12},"end":{"line":82,"column":null}}]},"3":{"loc":{"start":{"line":76,"column":27},"end":{"line":76,"column":76}},"type":"cond-expr","locations":[{"start":{"line":76,"column":53},"end":{"line":76,"column":62}},{"start":{"line":76,"column":65},"end":{"line":76,"column":76}}]},"4":{"loc":{"start":{"line":78,"column":56},"end":{"line":78,"column":120}},"type":"cond-expr","locations":[{"start":{"line":78,"column":82},"end":{"line":78,"column":115}},{"start":{"line":78,"column":118},"end":{"line":78,"column":120}}]}},"s":{"0":2,"1":2,"2":2,"3":2,"4":2,"5":49,"6":49,"7":49,"8":17,"9":2,"10":17,"11":17,"12":17,"13":49,"14":4,"15":4,"16":0,"17":4,"18":4,"19":4,"20":49,"21":180,"22":5,"23":2},"f":{"0":49,"1":17,"2":2,"3":17,"4":4,"5":4,"6":180,"7":5},"b":{"0":[0],"1":[1,48],"2":[49,45],"3":[45,135],"4":[45,135]}}
,"/Users/tian/Desktop/fliknusantara/src/components/organisms/HeroSection.tsx": {"path":"/Users/tian/Desktop/fliknusantara/src/components/organisms/HeroSection.tsx","statementMap":{"0":{"start":{"line":1,"column":0},"end":{"line":1,"column":64}},"1":{"start":{"line":2,"column":0},"end":{"line":2,"column":45}},"2":{"start":{"line":9,"column":48},"end":{"line":121,"column":1}},"3":{"start":{"line":10,"column":42},"end":{"line":10,"column":53}},"4":{"start":{"line":11,"column":20},"end":{"line":11,"column":38}},"5":{"start":{"line":13,"column":20},"end":{"line":17,"column":24}},"6":{"start":{"line":14,"column":4},"end":{"line":16,"column":6}},"7":{"start":{"line":15,"column":6},"end":{"line":15,"column":60}},"8":{"start":{"line":19,"column":20},"end":{"line":23,"column":24}},"9":{"start":{"line":20,"column":4},"end":{"line":22,"column":6}},"10":{"start":{"line":21,"column":6},"end":{"line":21,"column":60}},"11":{"start":{"line":26,"column":2},"end":{"line":32,"column":18}},"12":{"start":{"line":27,"column":21},"end":{"line":29,"column":12}},"13":{"start":{"line":28,"column":6},"end":{"line":28,"column":18}},"14":{"start":{"line":31,"column":4},"end":{"line":31,"column":41}},"15":{"start":{"line":31,"column":17},"end":{"line":31,"column":40}},"16":{"start":{"line":35,"column":2},"end":{"line":46,"column":29}},"17":{"start":{"line":36,"column":26},"end":{"line":42,"column":5}},"18":{"start":{"line":37,"column":6},"end":{"line":41,"column":7}},"19":{"start":{"line":38,"column":8},"end":{"line":38,"column":20}},"20":{"start":{"line":39,"column":13},"end":{"line":41,"column":7}},"21":{"start":{"line":40,"column":8},"end":{"line":40,"column":20}},"22":{"start":{"line":44,"column":4},"end":{"line":44,"column":54}},"23":{"start":{"line":45,"column":4},"end":{"line":45,"column":70}},"24":{"start":{"line":45,"column":17},"end":{"line":45,"column":69}},"25":{"start":{"line":48,"column":2},"end":{"line":50,"column":3}},"26":{"start":{"line":49,"column":4},"end":{"line":49,"column":16}},"27":{"start":{"line":52,"column":2},"end":{"line":120,"column":4}},"28":{"start":{"line":56,"column":30},"end":{"line":56,"column":89}},"29":{"start":{"line":57,"column":10},"end":{"line":87,"column":12}},"30":{"start":{"line":80,"column":35},"end":{"line":80,"column":78}},"31":{"start":{"line":110,"column":10},"end":{"line":111,"column":null}},"32":{"start":{"line":113,"column":27},"end":{"line":113,"column":49}},"33":{"start":{"line":123,"column":0},"end":{"line":123,"column":27}}},"fnMap":{"0":{"name":"(anonymous_0)","decl":{"start":{"line":9,"column":48},"end":{"line":9,"column":49}},"loc":{"start":{"line":9,"column":63},"end":{"line":121,"column":1}}},"1":{"name":"(anonymous_1)","decl":{"start":{"line":13,"column":32},"end":{"line":13,"column":35}},"loc":{"start":{"line":13,"column":37},"end":{"line":17,"column":3}}},"2":{"name":"(anonymous_2)","decl":{"start":{"line":14,"column":20},"end":{"line":14,"column":21}},"loc":{"start":{"line":15,"column":6},"end":{"line":15,"column":60}}},"3":{"name":"(anonymous_3)","decl":{"start":{"line":19,"column":32},"end":{"line":19,"column":35}},"loc":{"start":{"line":19,"column":37},"end":{"line":23,"column":3}}},"4":{"name":"(anonymous_4)","decl":{"start":{"line":20,"column":20},"end":{"line":20,"column":21}},"loc":{"start":{"line":21,"column":6},"end":{"line":21,"column":60}}},"5":{"name":"(anonymous_5)","decl":{"start":{"line":26,"column":12},"end":{"line":26,"column":15}},"loc":{"start":{"line":26,"column":17},"end":{"line":32,"column":3}}},"6":{"name":"(anonymous_6)","decl":{"start":{"line":27,"column":33},"end":{"line":27,"column":36}},"loc":{"start":{"line":27,"column":38},"end":{"line":29,"column":5}}},"7":{"name":"(anonymous_7)","decl":{"start":{"line":31,"column":11},"end":{"line":31,"column":14}},"loc":{"start":{"line":31,"column":17},"end":{"line":31,"column":40}}},"8":{"name":"(anonymous_8)","decl":{"start":{"line":35,"column":12},"end":{"line":35,"column":15}},"loc":{"start":{"line":35,"column":17},"end":{"line":46,"column":3}}},"9":{"name":"(anonymous_9)","decl":{"start":{"line":36,"column":26},"end":{"line":36,"column":27}},"loc":{"start":{"line":36,"column":47},"end":{"line":42,"column":5}}},"10":{"name":"(anonymous_10)","decl":{"start":{"line":45,"column":11},"end":{"line":45,"column":14}},"loc":{"start":{"line":45,"column":17},"end":{"line":45,"column":69}}},"11":{"name":"(anonymous_11)","decl":{"start":{"line":55,"column":23},"end":{"line":55,"column":24}},"loc":{"start":{"line":55,"column":40},"end":{"line":88,"column":9}}},"12":{"name":"(anonymous_12)","decl":{"start":{"line":80,"column":29},"end":{"line":80,"column":32}},"loc":{"start":{"line":80,"column":35},"end":{"line":80,"column":78}}},"13":{"name":"(anonymous_13)","decl":{"start":{"line":109,"column":23},"end":{"line":109,"column":24}},"loc":{"start":{"line":110,"column":10},"end":{"line":111,"column":null}}},"14":{"name":"(anonymous_14)","decl":{"start":{"line":113,"column":21},"end":{"line":113,"column":24}},"loc":{"start":{"line":113,"column":27},"end":{"line":113,"column":49}}}},"branchMap":{"0":{"loc":{"start":{"line":15,"column":6},"end":{"line":15,"column":60}},"type":"cond-expr","locations":[{"start":{"line":15,"column":43},"end":{"line":15,"column":44}},{"start":{"line":15,"column":47},"end":{"line":15,"column":60}}]},"1":{"loc":{"start":{"line":21,"column":6},"end":{"line":21,"column":60}},"type":"cond-expr","locations":[{"start":{"line":21,"column":24},"end":{"line":21,"column":44}},{"start":{"line":21,"column":47},"end":{"line":21,"column":60}}]},"2":{"loc":{"start":{"line":37,"column":6},"end":{"line":41,"column":7}},"type":"if","locations":[{"start":{"line":37,"column":6},"end":{"line":41,"column":7}},{"start":{"line":39,"column":13},"end":{"line":41,"column":7}}]},"3":{"loc":{"start":{"line":39,"column":13},"end":{"line":41,"column":7}},"type":"if","locations":[{"start":{"line":39,"column":13},"end":{"line":41,"column":7}}]},"4":{"loc":{"start":{"line":48,"column":2},"end":{"line":50,"column":3}},"type":"if","locations":[{"start":{"line":48,"column":2},"end":{"line":50,"column":3}}]},"5":{"loc":{"start":{"line":60,"column":48},"end":{"line":60,"column":107}},"type":"cond-expr","locations":[{"start":{"line":60,"column":73},"end":{"line":60,"column":102}},{"start":{"line":60,"column":105},"end":{"line":60,"column":107}}]},"6":{"loc":{"start":{"line":112,"column":50},"end":{"line":112,"column":113}},"type":"cond-expr","locations":[{"start":{"line":112,"column":75},"end":{"line":112,"column":108}},{"start":{"line":112,"column":111},"end":{"line":112,"column":113}}]}},"s":{"0":2,"1":2,"2":2,"3":51,"4":51,"5":51,"6":2,"7":2,"8":51,"9":2,"10":2,"11":51,"12":35,"13":2,"14":35,"15":35,"16":51,"17":35,"18":0,"19":0,"20":0,"21":0,"22":35,"23":35,"24":35,"25":51,"26":29,"27":22,"28":44,"29":44,"30":0,"31":44,"32":0,"33":2},"f":{"0":51,"1":2,"2":2,"3":2,"4":2,"5":35,"6":2,"7":35,"8":35,"9":0,"10":35,"11":44,"12":0,"13":44,"14":0},"b":{"0":[0,2],"1":[2,0],"2":[0,0],"3":[0],"4":[29],"5":[22,22],"6":[22,22]}}
,"/Users/tian/Desktop/fliknusantara/src/components/organisms/MovieList.tsx": {"path":"/Users/tian/Desktop/fliknusantara/src/components/organisms/MovieList.tsx","statementMap":{"0":{"start":{"line":2,"column":0},"end":{"line":2,"column":63}},"1":{"start":{"line":3,"column":0},"end":{"line":3,"column":37}},"2":{"start":{"line":4,"column":0},"end":{"line":4,"column":43}},"3":{"start":{"line":5,"column":0},"end":{"line":5,"column":66}},"4":{"start":{"line":16,"column":44},"end":{"line":75,"column":1}},"5":{"start":{"line":17,"column":26},"end":{"line":21,"column":4}},"6":{"start":{"line":23,"column":2},"end":{"line":56,"column":3}},"7":{"start":{"line":24,"column":22},"end":{"line":24,"column":32}},"8":{"start":{"line":25,"column":24},"end":{"line":27,"column":31}},"9":{"start":{"line":29,"column":4},"end":{"line":55,"column":6}},"10":{"start":{"line":58,"column":2},"end":{"line":74,"column":4}},"11":{"start":{"line":65,"column":10},"end":{"line":65,"column":30}},"12":{"start":{"line":77,"column":0},"end":{"line":77,"column":25}}},"fnMap":{"0":{"name":"(anonymous_1)","decl":{"start":{"line":16,"column":44},"end":{"line":16,"column":45}},"loc":{"start":{"line":16,"column":126},"end":{"line":75,"column":1}}},"1":{"name":"(anonymous_2)","decl":{"start":{"line":64,"column":20},"end":{"line":64,"column":21}},"loc":{"start":{"line":65,"column":10},"end":{"line":65,"column":30}}}},"branchMap":{"0":{"loc":{"start":{"line":16,"column":83},"end":{"line":16,"column":104}},"type":"default-arg","locations":[{"start":{"line":16,"column":99},"end":{"line":16,"column":104}}]},"1":{"loc":{"start":{"line":16,"column":106},"end":{"line":16,"column":120}},"type":"default-arg","locations":[{"start":{"line":16,"column":118},"end":{"line":16,"column":120}}]},"2":{"loc":{"start":{"line":23,"column":2},"end":{"line":56,"column":3}},"type":"if","locations":[{"start":{"line":23,"column":2},"end":{"line":56,"column":3}}]},"3":{"loc":{"start":{"line":23,"column":6},"end":{"line":23,"column":55}},"type":"binary-expr","locations":[{"start":{"line":23,"column":6},"end":{"line":23,"column":19}},{"start":{"line":23,"column":23},"end":{"line":23,"column":41}},{"start":{"line":23,"column":45},"end":{"line":23,"column":55}}]},"4":{"loc":{"start":{"line":25,"column":24},"end":{"line":27,"column":31}},"type":"cond-expr","locations":[{"start":{"line":26,"column":8},"end":{"line":26,"column":71}},{"start":{"line":27,"column":8},"end":{"line":27,"column":31}}]},"5":{"loc":{"start":{"line":59,"column":36},"end":{"line":59,"column":90}},"type":"binary-expr","locations":[{"start":{"line":59,"column":36},"end":{"line":59,"column":77}},{"start":{"line":59,"column":81},"end":{"line":59,"column":90}}]},"6":{"loc":{"start":{"line":59,"column":36},"end":{"line":59,"column":77}},"type":"cond-expr","locations":[{"start":{"line":59,"column":41},"end":{"line":59,"column":43}},{"start":{"line":59,"column":36},"end":{"line":59,"column":77}}]},"7":{"loc":{"start":{"line":59,"column":36},"end":{"line":59,"column":43}},"type":"binary-expr","locations":[{"start":{"line":59,"column":36},"end":{"line":59,"column":43}},{"start":{"line":59,"column":36},"end":{"line":59,"column":43}}]},"8":{"loc":{"start":{"line":60,"column":7},"end":{"line":61,"column":null}},"type":"binary-expr","locations":[{"start":{"line":60,"column":7},"end":{"line":60,"column":12}},{"start":{"line":61,"column":8},"end":{"line":61,"column":63}}]},"9":{"loc":{"start":{"line":71,"column":9},"end":{"line":71,"column":51}},"type":"binary-expr","locations":[{"start":{"line":71,"column":9},"end":{"line":71,"column":16}},{"start":{"line":71,"column":20},"end":{"line":71,"column":51}}]}},"s":{"0":2,"1":2,"2":2,"3":2,"4":2,"5":82,"6":82,"7":1,"8":1,"9":1,"10":81,"11":34,"12":2},"f":{"0":82,"1":34},"b":{"0":[44],"1":[7],"2":[1],"3":[82,38,1],"4":[1,0],"5":[81,3],"6":[3,78],"7":[81,81],"8":[81,78],"9":[81,31]}}
,"/Users/tian/Desktop/fliknusantara/src/components/organisms/TopCarousel.tsx": {"path":"/Users/tian/Desktop/fliknusantara/src/components/organisms/TopCarousel.tsx","statementMap":{"0":{"start":{"line":1,"column":0},"end":{"line":1,"column":38}},"1":{"start":{"line":2,"column":0},"end":{"line":2,"column":63}},"2":{"start":{"line":3,"column":0},"end":{"line":3,"column":45}},"3":{"start":{"line":11,"column":48},"end":{"line":58,"column":1}},"4":{"start":{"line":12,"column":23},"end":{"line":12,"column":51}},"5":{"start":{"line":14,"column":17},"end":{"line":22,"column":3}},"6":{"start":{"line":15,"column":4},"end":{"line":21,"column":5}},"7":{"start":{"line":16,"column":27},"end":{"line":16,"column":65}},"8":{"start":{"line":17,"column":6},"end":{"line":20,"column":9}},"9":{"start":{"line":24,"column":2},"end":{"line":57,"column":4}},"10":{"start":{"line":31,"column":25},"end":{"line":31,"column":39}},"11":{"start":{"line":42,"column":12},"end":{"line":42,"column":32}},"12":{"start":{"line":49,"column":25},"end":{"line":49,"column":40}},"13":{"start":{"line":60,"column":0},"end":{"line":60,"column":27}}},"fnMap":{"0":{"name":"(anonymous_1)","decl":{"start":{"line":11,"column":48},"end":{"line":11,"column":49}},"loc":{"start":{"line":11,"column":102},"end":{"line":58,"column":1}}},"1":{"name":"(anonymous_2)","decl":{"start":{"line":14,"column":17},"end":{"line":14,"column":18}},"loc":{"start":{"line":14,"column":49},"end":{"line":22,"column":3}}},"2":{"name":"(anonymous_3)","decl":{"start":{"line":31,"column":19},"end":{"line":31,"column":22}},"loc":{"start":{"line":31,"column":25},"end":{"line":31,"column":39}}},"3":{"name":"(anonymous_4)","decl":{"start":{"line":41,"column":35},"end":{"line":41,"column":36}},"loc":{"start":{"line":42,"column":12},"end":{"line":42,"column":32}}},"4":{"name":"(anonymous_5)","decl":{"start":{"line":49,"column":19},"end":{"line":49,"column":22}},"loc":{"start":{"line":49,"column":25},"end":{"line":49,"column":40}}}},"branchMap":{"0":{"loc":{"start":{"line":11,"column":59},"end":{"line":11,"column":80}},"type":"default-arg","locations":[{"start":{"line":11,"column":67},"end":{"line":11,"column":80}}]},"1":{"loc":{"start":{"line":11,"column":82},"end":{"line":11,"column":96}},"type":"default-arg","locations":[{"start":{"line":11,"column":94},"end":{"line":11,"column":96}}]},"2":{"loc":{"start":{"line":15,"column":4},"end":{"line":21,"column":5}},"type":"if","locations":[{"start":{"line":15,"column":4},"end":{"line":21,"column":5}}]},"3":{"loc":{"start":{"line":18,"column":14},"end":{"line":18,"column":66}},"type":"cond-expr","locations":[{"start":{"line":18,"column":38},"end":{"line":18,"column":50}},{"start":{"line":18,"column":53},"end":{"line":18,"column":66}}]},"4":{"loc":{"start":{"line":26,"column":7},"end":{"line":27,"column":null}},"type":"binary-expr","locations":[{"start":{"line":26,"column":7},"end":{"line":26,"column":12}},{"start":{"line":27,"column":8},"end":{"line":27,"column":56}}]}},"s":{"0":1,"1":1,"2":1,"3":1,"4":7,"5":7,"6":2,"7":2,"8":2,"9":7,"10":1,"11":22,"12":1,"13":1},"f":{"0":7,"1":2,"2":1,"3":22,"4":1},"b":{"0":[6],"1":[6],"2":[2],"3":[1,1],"4":[7,7]}}
,"/Users/tian/Desktop/fliknusantara/src/components/organisms/TopTenCarousel.tsx": {"path":"/Users/tian/Desktop/fliknusantara/src/components/organisms/TopTenCarousel.tsx","statementMap":{"0":{"start":{"line":1,"column":0},"end":{"line":1,"column":38}},"1":{"start":{"line":2,"column":0},"end":{"line":2,"column":63}},"2":{"start":{"line":3,"column":0},"end":{"line":3,"column":37}},"3":{"start":{"line":4,"column":0},"end":{"line":4,"column":48}},"4":{"start":{"line":12,"column":54},"end":{"line":67,"column":1}},"5":{"start":{"line":13,"column":23},"end":{"line":13,"column":51}},"6":{"start":{"line":15,"column":17},"end":{"line":23,"column":3}},"7":{"start":{"line":16,"column":4},"end":{"line":22,"column":5}},"8":{"start":{"line":17,"column":27},"end":{"line":17,"column":65}},"9":{"start":{"line":18,"column":6},"end":{"line":21,"column":9}},"10":{"start":{"line":25,"column":2},"end":{"line":66,"column":4}},"11":{"start":{"line":33,"column":27},"end":{"line":33,"column":41}},"12":{"start":{"line":41,"column":27},"end":{"line":41,"column":42}},"13":{"start":{"line":57,"column":14},"end":{"line":57,"column":34}},"14":{"start":{"line":69,"column":0},"end":{"line":69,"column":30}}},"fnMap":{"0":{"name":"(anonymous_1)","decl":{"start":{"line":12,"column":54},"end":{"line":12,"column":55}},"loc":{"start":{"line":12,"column":89},"end":{"line":67,"column":1}}},"1":{"name":"(anonymous_2)","decl":{"start":{"line":15,"column":17},"end":{"line":15,"column":18}},"loc":{"start":{"line":15,"column":49},"end":{"line":23,"column":3}}},"2":{"name":"(anonymous_3)","decl":{"start":{"line":33,"column":21},"end":{"line":33,"column":24}},"loc":{"start":{"line":33,"column":27},"end":{"line":33,"column":41}}},"3":{"name":"(anonymous_4)","decl":{"start":{"line":41,"column":21},"end":{"line":41,"column":24}},"loc":{"start":{"line":41,"column":27},"end":{"line":41,"column":42}}},"4":{"name":"(anonymous_5)","decl":{"start":{"line":56,"column":37},"end":{"line":56,"column":38}},"loc":{"start":{"line":57,"column":14},"end":{"line":57,"column":34}}}},"branchMap":{"0":{"loc":{"start":{"line":16,"column":4},"end":{"line":22,"column":5}},"type":"if","locations":[{"start":{"line":16,"column":4},"end":{"line":22,"column":5}}]},"1":{"loc":{"start":{"line":19,"column":14},"end":{"line":19,"column":66}},"type":"cond-expr","locations":[{"start":{"line":19,"column":38},"end":{"line":19,"column":50}},{"start":{"line":19,"column":53},"end":{"line":19,"column":66}}]},"2":{"loc":{"start":{"line":26,"column":46},"end":{"line":26,"column":61}},"type":"binary-expr","locations":[{"start":{"line":26,"column":46},"end":{"line":26,"column":55}},{"start":{"line":26,"column":59},"end":{"line":26,"column":61}}]},"3":{"loc":{"start":{"line":50,"column":9},"end":{"line":62,"column":null}},"type":"cond-expr","locations":[{"start":{"line":51,"column":10},"end":{"line":52,"column":null}},{"start":{"line":55,"column":10},"end":{"line":61,"column":null}}]}},"s":{"0":2,"1":2,"2":2,"3":2,"4":2,"5":44,"6":44,"7":2,"8":2,"9":2,"10":44,"11":1,"12":1,"13":38,"14":2},"f":{"0":44,"1":2,"2":1,"3":1,"4":38},"b":{"0":[2],"1":[1,1],"2":[44,43],"3":[16,28]}}
,"/Users/tian/Desktop/fliknusantara/src/hooks/useInfiniteScroll.ts": {"path":"/Users/tian/Desktop/fliknusantara/src/hooks/useInfiniteScroll.ts","statementMap":{"0":{"start":{"line":1,"column":0},"end":{"line":1,"column":42}},"1":{"start":{"line":10,"column":33},"end":{"line":45,"column":1}},"2":{"start":{"line":16,"column":22},"end":{"line":16,"column":63}},"3":{"start":{"line":17,"column":22},"end":{"line":17,"column":57}},"4":{"start":{"line":19,"column":2},"end":{"line":42,"column":51}},"5":{"start":{"line":20,"column":20},"end":{"line":24,"column":6}},"6":{"start":{"line":26,"column":4},"end":{"line":31,"column":16}},"7":{"start":{"line":27,"column":22},"end":{"line":27,"column":29}},"8":{"start":{"line":28,"column":6},"end":{"line":30,"column":7}},"9":{"start":{"line":29,"column":8},"end":{"line":29,"column":21}},"10":{"start":{"line":33,"column":4},"end":{"line":35,"column":5}},"11":{"start":{"line":34,"column":6},"end":{"line":34,"column":55}},"12":{"start":{"line":37,"column":4},"end":{"line":41,"column":6}},"13":{"start":{"line":38,"column":6},"end":{"line":40,"column":7}},"14":{"start":{"line":39,"column":8},"end":{"line":39,"column":41}},"15":{"start":{"line":44,"column":2},"end":{"line":44,"column":25}},"16":{"start":{"line":10,"column":13},"end":{"line":10,"column":33}}},"fnMap":{"0":{"name":"(anonymous_0)","decl":{"start":{"line":10,"column":33},"end":{"line":10,"column":34}},"loc":{"start":{"line":15,"column":31},"end":{"line":45,"column":1}}},"1":{"name":"(anonymous_1)","decl":{"start":{"line":19,"column":12},"end":{"line":19,"column":15}},"loc":{"start":{"line":19,"column":17},"end":{"line":42,"column":3}}},"2":{"name":"(anonymous_2)","decl":{"start":{"line":26,"column":51},"end":{"line":26,"column":52}},"loc":{"start":{"line":26,"column":63},"end":{"line":31,"column":5}}},"3":{"name":"(anonymous_3)","decl":{"start":{"line":37,"column":11},"end":{"line":37,"column":14}},"loc":{"start":{"line":37,"column":16},"end":{"line":41,"column":5}}}},"branchMap":{"0":{"loc":{"start":{"line":13,"column":2},"end":{"line":13,"column":21}},"type":"default-arg","locations":[{"start":{"line":13,"column":15},"end":{"line":13,"column":21}}]},"1":{"loc":{"start":{"line":14,"column":2},"end":{"line":14,"column":17}},"type":"default-arg","locations":[{"start":{"line":14,"column":14},"end":{"line":14,"column":17}}]},"2":{"loc":{"start":{"line":28,"column":6},"end":{"line":30,"column":7}},"type":"if","locations":[{"start":{"line":28,"column":6},"end":{"line":30,"column":7}}]},"3":{"loc":{"start":{"line":28,"column":10},"end":{"line":28,"column":42}},"type":"binary-expr","locations":[{"start":{"line":28,"column":10},"end":{"line":28,"column":30}},{"start":{"line":28,"column":34},"end":{"line":28,"column":42}}]},"4":{"loc":{"start":{"line":33,"column":4},"end":{"line":35,"column":5}},"type":"if","locations":[{"start":{"line":33,"column":4},"end":{"line":35,"column":5}}]},"5":{"loc":{"start":{"line":38,"column":6},"end":{"line":40,"column":7}},"type":"if","locations":[{"start":{"line":38,"column":6},"end":{"line":40,"column":7}}]}},"s":{"0":1,"1":1,"2":77,"3":77,"4":77,"5":77,"6":77,"7":0,"8":0,"9":0,"10":77,"11":77,"12":77,"13":77,"14":77,"15":77,"16":1},"f":{"0":77,"1":77,"2":0,"3":77},"b":{"0":[0],"1":[77],"2":[0],"3":[0,0],"4":[77],"5":[77]}}
,"/Users/tian/Desktop/fliknusantara/src/pages/Home.tsx": {"path":"/Users/tian/Desktop/fliknusantara/src/pages/Home.tsx","statementMap":{"0":{"start":{"line":1,"column":0},"end":{"line":1,"column":51}},"1":{"start":{"line":2,"column":0},"end":{"line":2,"column":95}},"2":{"start":{"line":3,"column":0},"end":{"line":3,"column":58}},"3":{"start":{"line":4,"column":0},"end":{"line":4,"column":68}},"4":{"start":{"line":5,"column":0},"end":{"line":5,"column":52}},"5":{"start":{"line":6,"column":0},"end":{"line":6,"column":66}},"6":{"start":{"line":7,"column":0},"end":{"line":7,"column":33}},"7":{"start":{"line":8,"column":0},"end":{"line":8,"column":62}},"8":{"start":{"line":12,"column":54},"end":{"line":17,"column":2}},"9":{"start":{"line":19,"column":23},"end":{"line":156,"column":1}},"10":{"start":{"line":20,"column":30},"end":{"line":20,"column":68}},"11":{"start":{"line":21,"column":36},"end":{"line":21,"column":74}},"12":{"start":{"line":22,"column":32},"end":{"line":22,"column":47}},"13":{"start":{"line":23,"column":50},"end":{"line":23,"column":65}},"14":{"start":{"line":24,"column":26},"end":{"line":24,"column":37}},"15":{"start":{"line":25,"column":34},"end":{"line":25,"column":71}},"16":{"start":{"line":26,"column":40},"end":{"line":26,"column":52}},"17":{"start":{"line":27,"column":42},"end":{"line":27,"column":80}},"18":{"start":{"line":28,"column":44},"end":{"line":28,"column":59}},"19":{"start":{"line":30,"column":22},"end":{"line":57,"column":4}},"20":{"start":{"line":30,"column":50},"end":{"line":57,"column":4}},"21":{"start":{"line":31,"column":4},"end":{"line":56,"column":5}},"22":{"start":{"line":32,"column":6},"end":{"line":32,"column":23}},"23":{"start":{"line":33,"column":26},"end":{"line":33,"column":46}},"24":{"start":{"line":34,"column":23},"end":{"line":36,"column":60}},"25":{"start":{"line":38,"column":24},"end":{"line":38,"column":40}},"26":{"start":{"line":40,"column":6},"end":{"line":46,"column":7}},"27":{"start":{"line":41,"column":8},"end":{"line":41,"column":31}},"28":{"start":{"line":42,"column":8},"end":{"line":45,"column":9}},"29":{"start":{"line":43,"column":32},"end":{"line":43,"column":55}},"30":{"start":{"line":44,"column":10},"end":{"line":44,"column":49}},"31":{"start":{"line":48,"column":6},"end":{"line":50,"column":9}},"32":{"start":{"line":49,"column":8},"end":{"line":49,"column":61}},"33":{"start":{"line":51,"column":6},"end":{"line":51,"column":48}},"34":{"start":{"line":51,"column":22},"end":{"line":51,"column":48}},"35":{"start":{"line":51,"column":38},"end":{"line":51,"column":46}},"36":{"start":{"line":53,"column":6},"end":{"line":53,"column":53}},"37":{"start":{"line":55,"column":6},"end":{"line":55,"column":24}},"38":{"start":{"line":59,"column":25},"end":{"line":69,"column":4}},"39":{"start":{"line":59,"column":36},"end":{"line":69,"column":4}},"40":{"start":{"line":60,"column":4},"end":{"line":68,"column":5}},"41":{"start":{"line":61,"column":6},"end":{"line":61,"column":32}},"42":{"start":{"line":62,"column":23},"end":{"line":62,"column":61}},"43":{"start":{"line":63,"column":6},"end":{"line":63,"column":37}},"44":{"start":{"line":65,"column":6},"end":{"line":65,"column":57}},"45":{"start":{"line":67,"column":6},"end":{"line":67,"column":33}},"46":{"start":{"line":71,"column":2},"end":{"line":78,"column":17}},"47":{"start":{"line":72,"column":4},"end":{"line":72,"column":18}},"48":{"start":{"line":73,"column":4},"end":{"line":73,"column":15}},"49":{"start":{"line":74,"column":4},"end":{"line":74,"column":22}},"50":{"start":{"line":75,"column":4},"end":{"line":77,"column":5}},"51":{"start":{"line":76,"column":6},"end":{"line":76,"column":23}},"52":{"start":{"line":80,"column":23},"end":{"line":92,"column":3}},"53":{"start":{"line":81,"column":4},"end":{"line":81,"column":26}},"54":{"start":{"line":82,"column":4},"end":{"line":82,"column":18}},"55":{"start":{"line":83,"column":4},"end":{"line":83,"column":15}},"56":{"start":{"line":84,"column":4},"end":{"line":84,"column":28}},"57":{"start":{"line":85,"column":4},"end":{"line":85,"column":24}},"58":{"start":{"line":87,"column":4},"end":{"line":91,"column":5}},"59":{"start":{"line":88,"column":6},"end":{"line":88,"column":24}},"60":{"start":{"line":90,"column":6},"end":{"line":90,"column":33}},"61":{"start":{"line":94,"column":2},"end":{"line":155,"column":4}},"62":{"start":{"line":117,"column":34},"end":{"line":117,"column":47}},"63":{"start":{"line":125,"column":34},"end":{"line":125,"column":47}},"64":{"start":{"line":137,"column":32},"end":{"line":137,"column":45}},"65":{"start":{"line":158,"column":0},"end":{"line":158,"column":20}}},"fnMap":{"0":{"name":"(anonymous_8)","decl":{"start":{"line":19,"column":23},"end":{"line":19,"column":26}},"loc":{"start":{"line":19,"column":28},"end":{"line":156,"column":1}}},"1":{"name":"(anonymous_9)","decl":{"start":{"line":30,"column":22},"end":{"line":30,"column":29}},"loc":{"start":{"line":30,"column":50},"end":{"line":57,"column":4}}},"2":{"name":"(anonymous_10)","decl":{"start":{"line":30,"column":50},"end":{"line":30,"column":null}},"loc":{"start":{"line":30,"column":46},"end":{"line":57,"column":3}}},"3":{"name":"(anonymous_11)","decl":{"start":{"line":48,"column":16},"end":{"line":48,"column":26}},"loc":{"start":{"line":49,"column":8},"end":{"line":49,"column":61}}},"4":{"name":"(anonymous_12)","decl":{"start":{"line":51,"column":30},"end":{"line":51,"column":34}},"loc":{"start":{"line":51,"column":38},"end":{"line":51,"column":46}}},"5":{"name":"(anonymous_13)","decl":{"start":{"line":59,"column":25},"end":{"line":59,"column":34}},"loc":{"start":{"line":59,"column":36},"end":{"line":69,"column":4}}},"6":{"name":"(anonymous_14)","decl":{"start":{"line":59,"column":36},"end":{"line":59,"column":null}},"loc":{"start":{"line":59,"column":36},"end":{"line":69,"column":3}}},"7":{"name":"(anonymous_15)","decl":{"start":{"line":71,"column":12},"end":{"line":71,"column":15}},"loc":{"start":{"line":71,"column":17},"end":{"line":78,"column":3}}},"8":{"name":"(anonymous_16)","decl":{"start":{"line":80,"column":23},"end":{"line":80,"column":24}},"loc":{"start":{"line":80,"column":41},"end":{"line":92,"column":3}}},"9":{"name":"(anonymous_17)","decl":{"start":{"line":117,"column":28},"end":{"line":117,"column":31}},"loc":{"start":{"line":117,"column":34},"end":{"line":117,"column":47}}},"10":{"name":"(anonymous_18)","decl":{"start":{"line":125,"column":28},"end":{"line":125,"column":31}},"loc":{"start":{"line":125,"column":34},"end":{"line":125,"column":47}}},"11":{"name":"(anonymous_19)","decl":{"start":{"line":137,"column":26},"end":{"line":137,"column":29}},"loc":{"start":{"line":137,"column":32},"end":{"line":137,"column":45}}},"12":{"name":"(anonymous_20)","decl":{"start":{"line":147,"column":26},"end":{"line":147,"column":29}},"loc":{"start":{"line":147,"column":31},"end":{"line":147,"column":34}}}},"branchMap":{"0":{"loc":{"start":{"line":30,"column":29},"end":{"line":30,"column":46}},"type":"default-arg","locations":[{"start":{"line":30,"column":41},"end":{"line":30,"column":46}}]},"1":{"loc":{"start":{"line":33,"column":26},"end":{"line":33,"column":46}},"type":"cond-expr","locations":[{"start":{"line":33,"column":38},"end":{"line":33,"column":39}},{"start":{"line":33,"column":42},"end":{"line":33,"column":46}}]},"2":{"loc":{"start":{"line":34,"column":23},"end":{"line":36,"column":60}},"type":"cond-expr","locations":[{"start":{"line":35,"column":10},"end":{"line":35,"column":54}},{"start":{"line":36,"column":10},"end":{"line":36,"column":60}}]},"3":{"loc":{"start":{"line":40,"column":6},"end":{"line":46,"column":7}},"type":"if","locations":[{"start":{"line":40,"column":6},"end":{"line":46,"column":7}}]},"4":{"loc":{"start":{"line":42,"column":8},"end":{"line":45,"column":9}},"type":"if","locations":[{"start":{"line":42,"column":8},"end":{"line":45,"column":9}}]},"5":{"loc":{"start":{"line":49,"column":8},"end":{"line":49,"column":61}},"type":"cond-expr","locations":[{"start":{"line":49,"column":20},"end":{"line":49,"column":29}},{"start":{"line":49,"column":32},"end":{"line":49,"column":61}}]},"6":{"loc":{"start":{"line":51,"column":6},"end":{"line":51,"column":48}},"type":"if","locations":[{"start":{"line":51,"column":6},"end":{"line":51,"column":48}}]},"7":{"loc":{"start":{"line":75,"column":4},"end":{"line":77,"column":5}},"type":"if","locations":[{"start":{"line":75,"column":4},"end":{"line":77,"column":5}}]},"8":{"loc":{"start":{"line":87,"column":4},"end":{"line":91,"column":5}},"type":"if","locations":[{"start":{"line":87,"column":4},"end":{"line":91,"column":5}},{"start":{"line":89,"column":11},"end":{"line":91,"column":5}}]},"9":{"loc":{"start":{"line":104,"column":9},"end":{"line":130,"column":null}},"type":"binary-expr","locations":[{"start":{"line":104,"column":9},"end":{"line":104,"column":21}},{"start":{"line":105,"column":10},"end":{"line":129,"column":null}}]},"10":{"loc":{"start":{"line":132,"column":9},"end":{"line":140,"column":null}},"type":"binary-expr","locations":[{"start":{"line":132,"column":9},"end":{"line":132,"column":20}},{"start":{"line":133,"column":10},"end":{"line":139,"column":null}}]},"11":{"loc":{"start":{"line":142,"column":9},"end":{"line":150,"column":null}},"type":"binary-expr","locations":[{"start":{"line":142,"column":9},"end":{"line":142,"column":22}},{"start":{"line":142,"column":26},"end":{"line":142,"column":49}},{"start":{"line":143,"column":10},"end":{"line":149,"column":null}}]}},"s":{"0":1,"1":1,"2":1,"3":1,"4":1,"5":1,"6":1,"7":1,"8":1,"9":1,"10":40,"11":40,"12":40,"13":40,"14":40,"15":40,"16":40,"17":40,"18":40,"19":40,"20":18,"21":18,"22":18,"23":18,"24":18,"25":17,"26":17,"27":0,"28":0,"29":0,"30":0,"31":17,"32":13,"33":17,"34":0,"35":0,"36":1,"37":18,"38":40,"39":15,"40":15,"41":15,"42":15,"43":14,"44":1,"45":15,"46":40,"47":15,"48":15,"49":15,"50":15,"51":15,"52":40,"53":3,"54":3,"55":3,"56":3,"57":3,"58":3,"59":3,"60":0,"61":40,"62":0,"63":0,"64":0,"65":1},"f":{"0":40,"1":18,"2":18,"3":13,"4":0,"5":15,"6":15,"7":15,"8":3,"9":0,"10":0,"11":0,"12":0},"b":{"0":[0],"1":[18,0],"2":[0,18],"3":[0],"4":[0],"5":[13,0],"6":[0],"7":[15],"8":[3,0],"9":[40,37],"10":[40,3],"11":[40,0,0]}}
,"/Users/tian/Desktop/fliknusantara/src/pages/MovieDetail.tsx": {"path":"/Users/tian/Desktop/fliknusantara/src/pages/MovieDetail.tsx","statementMap":{"0":{"start":{"line":1,"column":0},"end":{"line":1,"column":51}},"1":{"start":{"line":2,"column":0},"end":{"line":2,"column":58}},"2":{"start":{"line":3,"column":0},"end":{"line":3,"column":69}},"3":{"start":{"line":4,"column":0},"end":{"line":4,"column":48}},"4":{"start":{"line":5,"column":0},"end":{"line":5,"column":40}},"5":{"start":{"line":7,"column":30},"end":{"line":118,"column":1}},"6":{"start":{"line":8,"column":17},"end":{"line":8,"column":44}},"7":{"start":{"line":9,"column":19},"end":{"line":9,"column":32}},"8":{"start":{"line":10,"column":28},"end":{"line":10,"column":63}},"9":{"start":{"line":11,"column":32},"end":{"line":11,"column":46}},"10":{"start":{"line":13,"column":2},"end":{"line":28,"column":11}},"11":{"start":{"line":14,"column":30},"end":{"line":25,"column":6}},"12":{"start":{"line":14,"column":41},"end":{"line":25,"column":6}},"13":{"start":{"line":15,"column":6},"end":{"line":24,"column":7}},"14":{"start":{"line":16,"column":8},"end":{"line":19,"column":9}},"15":{"start":{"line":17,"column":23},"end":{"line":17,"column":58}},"16":{"start":{"line":18,"column":10},"end":{"line":18,"column":25}},"17":{"start":{"line":21,"column":8},"end":{"line":21,"column":62}},"18":{"start":{"line":23,"column":8},"end":{"line":23,"column":26}},"19":{"start":{"line":27,"column":4},"end":{"line":27,"column":24}},"20":{"start":{"line":30,"column":2},"end":{"line":36,"column":3}},"21":{"start":{"line":31,"column":4},"end":{"line":35,"column":6}},"22":{"start":{"line":38,"column":2},"end":{"line":44,"column":3}},"23":{"start":{"line":39,"column":4},"end":{"line":43,"column":6}},"24":{"start":{"line":46,"column":19},"end":{"line":46,"column":79}},"25":{"start":{"line":46,"column":53},"end":{"line":46,"column":78}},"26":{"start":{"line":47,"column":19},"end":{"line":47,"column":49}},"27":{"start":{"line":49,"column":2},"end":{"line":117,"column":4}},"28":{"start":{"line":54,"column":25},"end":{"line":54,"column":37}},"29":{"start":{"line":84,"column":20},"end":{"line":85,"column":null}},"30":{"start":{"line":105,"column":20},"end":{"line":105,"column":40}},"31":{"start":{"line":120,"column":0},"end":{"line":120,"column":27}}},"fnMap":{"0":{"name":"(anonymous_8)","decl":{"start":{"line":7,"column":30},"end":{"line":7,"column":33}},"loc":{"start":{"line":7,"column":35},"end":{"line":118,"column":1}}},"1":{"name":"(anonymous_9)","decl":{"start":{"line":13,"column":12},"end":{"line":13,"column":15}},"loc":{"start":{"line":13,"column":17},"end":{"line":28,"column":3}}},"2":{"name":"(anonymous_10)","decl":{"start":{"line":14,"column":30},"end":{"line":14,"column":39}},"loc":{"start":{"line":14,"column":41},"end":{"line":25,"column":6}}},"3":{"name":"(anonymous_11)","decl":{"start":{"line":14,"column":41},"end":{"line":14,"column":null}},"loc":{"start":{"line":14,"column":41},"end":{"line":25,"column":5}}},"4":{"name":"(anonymous_12)","decl":{"start":{"line":46,"column":43},"end":{"line":46,"column":49}},"loc":{"start":{"line":46,"column":53},"end":{"line":46,"column":78}}},"5":{"name":"(anonymous_13)","decl":{"start":{"line":54,"column":19},"end":{"line":54,"column":22}},"loc":{"start":{"line":54,"column":25},"end":{"line":54,"column":37}}},"6":{"name":"(anonymous_14)","decl":{"start":{"line":83,"column":36},"end":{"line":83,"column":41}},"loc":{"start":{"line":84,"column":20},"end":{"line":85,"column":null}}},"7":{"name":"(anonymous_15)","decl":{"start":{"line":104,"column":32},"end":{"line":104,"column":37}},"loc":{"start":{"line":105,"column":20},"end":{"line":105,"column":40}}}},"branchMap":{"0":{"loc":{"start":{"line":16,"column":8},"end":{"line":19,"column":9}},"type":"if","locations":[{"start":{"line":16,"column":8},"end":{"line":19,"column":9}}]},"1":{"loc":{"start":{"line":30,"column":2},"end":{"line":36,"column":3}},"type":"if","locations":[{"start":{"line":30,"column":2},"end":{"line":36,"column":3}}]},"2":{"loc":{"start":{"line":38,"column":2},"end":{"line":44,"column":3}},"type":"if","locations":[{"start":{"line":38,"column":2},"end":{"line":44,"column":3}}]},"3":{"loc":{"start":{"line":94,"column":15},"end":{"line":98,"column":null}},"type":"binary-expr","locations":[{"start":{"line":94,"column":15},"end":{"line":94,"column":23}},{"start":{"line":95,"column":16},"end":{"line":97,"column":null}}]}},"s":{"0":1,"1":1,"2":1,"3":1,"4":1,"5":1,"6":9,"7":9,"8":9,"9":9,"10":9,"11":5,"12":5,"13":5,"14":5,"15":5,"16":4,"17":1,"18":5,"19":5,"20":9,"21":5,"22":4,"23":2,"24":2,"25":2,"26":2,"27":2,"28":1,"29":2,"30":4,"31":1},"f":{"0":9,"1":5,"2":5,"3":5,"4":2,"5":1,"6":2,"7":4},"b":{"0":[5],"1":[5],"2":[2],"3":[2,2]}}
}
