TN:
SF:src/App.tsx
FN:6,(anonymous_1)
FNF:1
FNH:1
FNDA:3,(anonymous_1)
DA:2,1
DA:3,1
DA:4,1
DA:6,1
DA:7,3
DA:16,1
LF:6
LH:6
BRF:0
BRH:0
end_of_record
TN:
SF:src/components/atoms/BackToTopButton.tsx
FN:4,(anonymous_0)
FN:7,(anonymous_1)
FN:8,(anonymous_2)
FN:18,(anonymous_3)
FN:23,(anonymous_4)
FNF:5
FNH:5
FNDA:46,(anonymous_0)
FNDA:14,(anonymous_1)
FNDA:3,(anonymous_2)
FNDA:14,(anonymous_3)
FNDA:1,(anonymous_4)
DA:1,2
DA:2,2
DA:4,2
DA:5,46
DA:7,46
DA:8,14
DA:9,3
DA:10,2
DA:12,1
DA:16,14
DA:18,14
DA:19,14
DA:23,46
DA:24,1
DA:30,46
DA:55,2
LF:16
LH:16
BRDA:9,0,0,2
BRDA:9,0,1,1
BRDA:32,1,0,2
BRDA:32,1,1,44
BRDA:35,2,0,2
BRDA:35,2,1,44
BRF:6
BRH:6
end_of_record
TN:
SF:src/components/atoms/Button.tsx
FN:14,(anonymous_0)
FNF:1
FNH:1
FNDA:375,(anonymous_0)
DA:2,8
DA:14,8
DA:23,375
DA:37,8
LF:4
LH:4
BRDA:17,0,0,10
BRDA:18,1,0,8
BRDA:19,2,0,373
BRDA:21,3,0,374
BRF:4
BRH:4
end_of_record
TN:
SF:src/components/atoms/Loader.tsx
FN:8,(anonymous_0)
FNF:1
FNH:1
FNDA:35,(anonymous_0)
DA:2,3
DA:8,3
DA:9,35
DA:17,3
LF:4
LH:4
BRDA:8,0,0,34
BRF:1
BRH:1
end_of_record
TN:
SF:src/components/molecules/MovieCard.tsx
FN:19,(anonymous_1)
FNF:1
FNH:1
FNDA:99,(anonymous_1)
DA:2,5
DA:3,5
DA:4,5
DA:19,5
DA:20,99
DA:21,99
DA:23,99
DA:48,5
LF:8
LH:8
BRF:0
BRH:0
end_of_record
TN:
SF:src/components/organisms/Header.tsx
FN:21,(anonymous_1)
FN:30,(anonymous_2)
FN:31,(anonymous_3)
FN:36,(anonymous_4)
FN:39,(anonymous_5)
FN:43,(anonymous_6)
FN:73,(anonymous_7)
FN:77,(anonymous_8)
FNF:8
FNH:8
FNDA:49,(anonymous_1)
FNDA:17,(anonymous_2)
FNDA:2,(anonymous_3)
FNDA:17,(anonymous_4)
FNDA:4,(anonymous_5)
FNDA:4,(anonymous_6)
FNDA:180,(anonymous_7)
FNDA:5,(anonymous_8)
DA:1,2
DA:2,2
DA:3,2
DA:14,2
DA:21,2
DA:27,49
DA:28,49
DA:30,49
DA:31,17
DA:32,2
DA:35,17
DA:36,17
DA:39,49
DA:40,4
DA:41,4
DA:43,4
DA:44,4
DA:47,4
DA:50,49
DA:74,180
DA:77,5
DA:91,2
LF:22
LH:22
BRDA:41,0,0,0
BRDA:51,1,0,1
BRDA:51,1,1,48
BRDA:71,2,0,49
BRDA:71,2,1,45
BRDA:76,3,0,45
BRDA:76,3,1,135
BRDA:78,4,0,45
BRDA:78,4,1,135
BRF:9
BRH:8
end_of_record
TN:
SF:src/components/organisms/HeroSection.tsx
FN:9,(anonymous_0)
FN:13,(anonymous_1)
FN:14,(anonymous_2)
FN:19,(anonymous_3)
FN:20,(anonymous_4)
FN:26,(anonymous_5)
FN:27,(anonymous_6)
FN:31,(anonymous_7)
FN:35,(anonymous_8)
FN:36,(anonymous_9)
FN:45,(anonymous_10)
FN:55,(anonymous_11)
FN:80,(anonymous_12)
FN:109,(anonymous_13)
FN:113,(anonymous_14)
FNF:15
FNH:12
FNDA:51,(anonymous_0)
FNDA:2,(anonymous_1)
FNDA:2,(anonymous_2)
FNDA:2,(anonymous_3)
FNDA:2,(anonymous_4)
FNDA:35,(anonymous_5)
FNDA:2,(anonymous_6)
FNDA:35,(anonymous_7)
FNDA:35,(anonymous_8)
FNDA:0,(anonymous_9)
FNDA:35,(anonymous_10)
FNDA:44,(anonymous_11)
FNDA:0,(anonymous_12)
FNDA:44,(anonymous_13)
FNDA:0,(anonymous_14)
DA:1,2
DA:2,2
DA:9,2
DA:10,51
DA:11,51
DA:13,51
DA:14,2
DA:15,2
DA:19,51
DA:20,2
DA:21,2
DA:26,51
DA:27,35
DA:28,2
DA:31,35
DA:35,51
DA:36,35
DA:37,0
DA:38,0
DA:39,0
DA:40,0
DA:44,35
DA:45,35
DA:48,51
DA:49,29
DA:52,22
DA:56,44
DA:57,44
DA:80,0
DA:110,44
DA:113,0
DA:123,2
LF:32
LH:26
BRDA:15,0,0,0
BRDA:15,0,1,2
BRDA:21,1,0,2
BRDA:21,1,1,0
BRDA:37,2,0,0
BRDA:37,2,1,0
BRDA:39,3,0,0
BRDA:48,4,0,29
BRDA:60,5,0,22
BRDA:60,5,1,22
BRDA:112,6,0,22
BRDA:112,6,1,22
BRF:12
BRH:7
end_of_record
TN:
SF:src/components/organisms/MovieList.tsx
FN:16,(anonymous_1)
FN:64,(anonymous_2)
FNF:2
FNH:2
FNDA:82,(anonymous_1)
FNDA:34,(anonymous_2)
DA:2,2
DA:3,2
DA:4,2
DA:5,2
DA:16,2
DA:17,82
DA:23,82
DA:24,1
DA:25,1
DA:29,1
DA:58,81
DA:65,34
DA:77,2
LF:13
LH:13
BRDA:16,0,0,44
BRDA:16,1,0,7
BRDA:23,2,0,1
BRDA:23,3,0,82
BRDA:23,3,1,38
BRDA:23,3,2,1
BRDA:25,4,0,1
BRDA:25,4,1,0
BRDA:59,5,0,81
BRDA:59,5,1,3
BRDA:59,6,0,3
BRDA:59,6,1,78
BRDA:59,7,0,81
BRDA:59,7,1,81
BRDA:60,8,0,81
BRDA:60,8,1,78
BRDA:71,9,0,81
BRDA:71,9,1,31
BRF:18
BRH:17
end_of_record
TN:
SF:src/components/organisms/TopCarousel.tsx
FN:11,(anonymous_1)
FN:14,(anonymous_2)
FN:31,(anonymous_3)
FN:41,(anonymous_4)
FN:49,(anonymous_5)
FNF:5
FNH:5
FNDA:7,(anonymous_1)
FNDA:2,(anonymous_2)
FNDA:1,(anonymous_3)
FNDA:22,(anonymous_4)
FNDA:1,(anonymous_5)
DA:1,1
DA:2,1
DA:3,1
DA:11,1
DA:12,7
DA:14,7
DA:15,2
DA:16,2
DA:17,2
DA:24,7
DA:31,1
DA:42,22
DA:49,1
DA:60,1
LF:14
LH:14
BRDA:11,0,0,6
BRDA:11,1,0,6
BRDA:15,2,0,2
BRDA:18,3,0,1
BRDA:18,3,1,1
BRDA:26,4,0,7
BRDA:26,4,1,7
BRF:7
BRH:7
end_of_record
TN:
SF:src/components/organisms/TopTenCarousel.tsx
FN:12,(anonymous_1)
FN:15,(anonymous_2)
FN:33,(anonymous_3)
FN:41,(anonymous_4)
FN:56,(anonymous_5)
FNF:5
FNH:5
FNDA:44,(anonymous_1)
FNDA:2,(anonymous_2)
FNDA:1,(anonymous_3)
FNDA:1,(anonymous_4)
FNDA:38,(anonymous_5)
DA:1,2
DA:2,2
DA:3,2
DA:4,2
DA:12,2
DA:13,44
DA:15,44
DA:16,2
DA:17,2
DA:18,2
DA:25,44
DA:33,1
DA:41,1
DA:57,38
DA:69,2
LF:15
LH:15
BRDA:16,0,0,2
BRDA:19,1,0,1
BRDA:19,1,1,1
BRDA:26,2,0,44
BRDA:26,2,1,43
BRDA:50,3,0,16
BRDA:50,3,1,28
BRF:7
BRH:7
end_of_record
TN:
SF:src/hooks/useInfiniteScroll.ts
FN:10,(anonymous_0)
FN:19,(anonymous_1)
FN:26,(anonymous_2)
FN:37,(anonymous_3)
FNF:4
FNH:3
FNDA:77,(anonymous_0)
FNDA:77,(anonymous_1)
FNDA:0,(anonymous_2)
FNDA:77,(anonymous_3)
DA:1,1
DA:10,1
DA:16,77
DA:17,77
DA:19,77
DA:20,77
DA:26,77
DA:27,0
DA:28,0
DA:29,0
DA:33,77
DA:34,77
DA:37,77
DA:38,77
DA:39,77
DA:44,77
LF:16
LH:13
BRDA:13,0,0,0
BRDA:14,1,0,77
BRDA:28,2,0,0
BRDA:28,3,0,0
BRDA:28,3,1,0
BRDA:33,4,0,77
BRDA:38,5,0,77
BRF:7
BRH:3
end_of_record
TN:
SF:src/pages/Home.tsx
FN:19,(anonymous_8)
FN:30,(anonymous_9)
FN:30,(anonymous_10)
FN:48,(anonymous_11)
FN:51,(anonymous_12)
FN:59,(anonymous_13)
FN:59,(anonymous_14)
FN:71,(anonymous_15)
FN:80,(anonymous_16)
FN:117,(anonymous_17)
FN:125,(anonymous_18)
FN:137,(anonymous_19)
FN:147,(anonymous_20)
FNF:13
FNH:8
FNDA:40,(anonymous_8)
FNDA:18,(anonymous_9)
FNDA:18,(anonymous_10)
FNDA:13,(anonymous_11)
FNDA:0,(anonymous_12)
FNDA:15,(anonymous_13)
FNDA:15,(anonymous_14)
FNDA:15,(anonymous_15)
FNDA:3,(anonymous_16)
FNDA:0,(anonymous_17)
FNDA:0,(anonymous_18)
FNDA:0,(anonymous_19)
FNDA:0,(anonymous_20)
DA:1,1
DA:2,1
DA:3,1
DA:4,1
DA:5,1
DA:6,1
DA:7,1
DA:8,1
DA:12,1
DA:19,1
DA:20,40
DA:21,40
DA:22,40
DA:23,40
DA:24,40
DA:25,40
DA:26,40
DA:27,40
DA:28,40
DA:30,40
DA:31,18
DA:32,18
DA:33,18
DA:34,18
DA:38,17
DA:40,17
DA:41,0
DA:42,0
DA:43,0
DA:44,0
DA:48,17
DA:49,13
DA:51,17
DA:53,1
DA:55,18
DA:59,40
DA:60,15
DA:61,15
DA:62,15
DA:63,14
DA:65,1
DA:67,15
DA:71,40
DA:72,15
DA:73,15
DA:74,15
DA:75,15
DA:76,15
DA:80,40
DA:81,3
DA:82,3
DA:83,3
DA:84,3
DA:85,3
DA:87,3
DA:88,3
DA:90,0
DA:94,40
DA:117,0
DA:125,0
DA:137,0
DA:158,1
LF:62
LH:54
BRDA:30,0,0,0
BRDA:33,1,0,18
BRDA:33,1,1,0
BRDA:34,2,0,0
BRDA:34,2,1,18
BRDA:40,3,0,0
BRDA:42,4,0,0
BRDA:49,5,0,13
BRDA:49,5,1,0
BRDA:51,6,0,0
BRDA:75,7,0,15
BRDA:87,8,0,3
BRDA:87,8,1,0
BRDA:104,9,0,40
BRDA:104,9,1,37
BRDA:132,10,0,40
BRDA:132,10,1,3
BRDA:142,11,0,40
BRDA:142,11,1,0
BRDA:142,11,2,0
BRF:20
BRH:10
end_of_record
TN:
SF:src/pages/MovieDetail.tsx
FN:7,(anonymous_8)
FN:13,(anonymous_9)
FN:14,(anonymous_10)
FN:14,(anonymous_11)
FN:46,(anonymous_12)
FN:54,(anonymous_13)
FN:83,(anonymous_14)
FN:104,(anonymous_15)
FNF:8
FNH:8
FNDA:9,(anonymous_8)
FNDA:5,(anonymous_9)
FNDA:5,(anonymous_10)
FNDA:5,(anonymous_11)
FNDA:2,(anonymous_12)
FNDA:1,(anonymous_13)
FNDA:2,(anonymous_14)
FNDA:4,(anonymous_15)
DA:1,1
DA:2,1
DA:3,1
DA:4,1
DA:5,1
DA:7,1
DA:8,9
DA:9,9
DA:10,9
DA:11,9
DA:13,9
DA:14,5
DA:15,5
DA:16,5
DA:17,5
DA:18,4
DA:21,1
DA:23,5
DA:27,5
DA:30,9
DA:31,5
DA:38,4
DA:39,2
DA:46,2
DA:47,2
DA:49,2
DA:54,1
DA:84,2
DA:105,4
DA:120,1
LF:30
LH:30
BRDA:16,0,0,5
BRDA:30,1,0,5
BRDA:38,2,0,2
BRDA:94,3,0,2
BRDA:94,3,1,2
BRF:5
BRH:5
end_of_record
