TN:
SF:src/App.tsx
FN:6,(anonymous_1)
FNF:1
FNH:1
FNDA:3,(anonymous_1)
DA:2,1
DA:3,1
DA:4,1
DA:6,1
DA:7,3
DA:16,1
LF:6
LH:6
BRF:0
BRH:0
end_of_record
TN:
SF:src/components/atoms/BackToTopButton.tsx
FN:4,(anonymous_0)
FN:7,(anonymous_1)
FN:8,(anonymous_2)
FN:18,(anonymous_3)
FN:23,(anonymous_4)
FNF:5
FNH:5
FNDA:41,(anonymous_0)
FNDA:12,(anonymous_1)
FNDA:2,(anonymous_2)
FNDA:12,(anonymous_3)
FNDA:1,(anonymous_4)
DA:1,2
DA:2,2
DA:4,2
DA:5,41
DA:7,41
DA:8,12
DA:9,2
DA:10,2
DA:12,0
DA:16,12
DA:18,12
DA:19,12
DA:23,41
DA:24,1
DA:30,41
DA:55,2
LF:16
LH:15
BRDA:9,0,0,2
BRDA:9,0,1,0
BRDA:32,1,0,2
BRDA:32,1,1,39
BRDA:35,2,0,2
BRDA:35,2,1,39
BRF:6
BRH:5
end_of_record
TN:
SF:src/components/atoms/Button.tsx
FN:14,(anonymous_0)
FNF:1
FNH:1
FNDA:367,(anonymous_0)
DA:2,8
DA:14,8
DA:23,367
DA:37,8
LF:4
LH:4
BRDA:17,0,0,10
BRDA:18,1,0,8
BRDA:19,2,0,365
BRDA:21,3,0,366
BRF:4
BRH:4
end_of_record
TN:
SF:src/components/atoms/Loader.tsx
FN:8,(anonymous_0)
FNF:1
FNH:1
FNDA:27,(anonymous_0)
DA:2,3
DA:8,3
DA:9,27
DA:17,3
LF:4
LH:4
BRDA:8,0,0,26
BRF:1
BRH:1
end_of_record
TN:
SF:src/components/molecules/MovieCard.tsx
FN:19,(anonymous_1)
FNF:1
FNH:1
FNDA:107,(anonymous_1)
DA:2,5
DA:3,5
DA:4,5
DA:19,5
DA:20,107
DA:21,107
DA:23,107
DA:48,5
LF:8
LH:8
BRF:0
BRH:0
end_of_record
TN:
SF:src/components/organisms/Header.tsx
FN:21,(anonymous_1)
FN:30,(anonymous_2)
FN:31,(anonymous_3)
FN:36,(anonymous_4)
FN:39,(anonymous_5)
FN:43,(anonymous_6)
FN:73,(anonymous_7)
FN:77,(anonymous_8)
FNF:8
FNH:8
FNDA:46,(anonymous_1)
FNDA:15,(anonymous_2)
FNDA:1,(anonymous_3)
FNDA:15,(anonymous_4)
FNDA:4,(anonymous_5)
FNDA:4,(anonymous_6)
FNDA:168,(anonymous_7)
FNDA:3,(anonymous_8)
DA:1,2
DA:2,2
DA:3,2
DA:14,2
DA:21,2
DA:27,46
DA:28,46
DA:30,46
DA:31,15
DA:32,1
DA:35,15
DA:36,15
DA:39,46
DA:40,4
DA:41,4
DA:43,4
DA:44,4
DA:47,4
DA:50,46
DA:74,168
DA:77,3
DA:91,2
LF:22
LH:22
BRDA:41,0,0,0
BRDA:51,1,0,1
BRDA:51,1,1,45
BRDA:71,2,0,46
BRDA:71,2,1,42
BRDA:78,3,0,42
BRDA:78,3,1,126
BRF:7
BRH:6
end_of_record
TN:
SF:src/components/organisms/HeroSection.tsx
FN:10,(anonymous_0)
FN:14,(anonymous_1)
FN:15,(anonymous_2)
FN:20,(anonymous_3)
FN:21,(anonymous_4)
FN:27,(anonymous_5)
FN:28,(anonymous_6)
FN:32,(anonymous_7)
FN:36,(anonymous_8)
FN:37,(anonymous_9)
FN:46,(anonymous_10)
FN:56,(anonymous_11)
FN:111,(anonymous_12)
FN:115,(anonymous_13)
FNF:14
FNH:14
FNDA:53,(anonymous_0)
FNDA:4,(anonymous_1)
FNDA:4,(anonymous_2)
FNDA:3,(anonymous_3)
FNDA:3,(anonymous_4)
FNDA:33,(anonymous_5)
FNDA:2,(anonymous_6)
FNDA:33,(anonymous_7)
FNDA:33,(anonymous_8)
FNDA:2,(anonymous_9)
FNDA:33,(anonymous_10)
FNDA:60,(anonymous_11)
FNDA:60,(anonymous_12)
FNDA:1,(anonymous_13)
DA:1,2
DA:2,2
DA:4,2
DA:10,2
DA:11,53
DA:12,53
DA:14,53
DA:15,4
DA:16,4
DA:20,53
DA:21,3
DA:22,3
DA:27,53
DA:28,33
DA:29,2
DA:32,33
DA:36,53
DA:37,33
DA:38,2
DA:39,1
DA:40,1
DA:41,1
DA:45,33
DA:46,33
DA:49,53
DA:50,23
DA:53,30
DA:57,60
DA:58,60
DA:112,60
DA:115,1
DA:125,2
LF:32
LH:32
BRDA:16,0,0,0
BRDA:16,0,1,4
BRDA:22,1,0,2
BRDA:22,1,1,1
BRDA:38,2,0,1
BRDA:38,2,1,1
BRDA:40,3,0,1
BRDA:49,4,0,23
BRDA:61,5,0,30
BRDA:61,5,1,30
BRDA:114,6,0,30
BRDA:114,6,1,30
BRF:12
BRH:11
end_of_record
TN:
SF:src/components/organisms/MovieList.tsx
FN:17,(anonymous_1)
FN:67,(anonymous_2)
FNF:2
FNH:2
FNDA:74,(anonymous_1)
FNDA:38,(anonymous_2)
DA:2,2
DA:3,2
DA:4,2
DA:5,2
DA:6,2
DA:17,2
DA:18,74
DA:24,74
DA:25,1
DA:26,1
DA:30,1
DA:61,73
DA:68,38
DA:80,2
LF:14
LH:14
BRDA:17,0,0,40
BRDA:17,1,0,7
BRDA:24,2,0,1
BRDA:24,3,0,74
BRDA:24,3,1,34
BRDA:24,3,2,1
BRDA:26,4,0,1
BRDA:26,4,1,0
BRDA:62,5,0,73
BRDA:62,5,1,3
BRDA:62,6,0,3
BRDA:62,6,1,70
BRDA:62,7,0,73
BRDA:62,7,1,73
BRDA:63,8,0,73
BRDA:63,8,1,70
BRDA:74,9,0,73
BRDA:74,9,1,23
BRF:18
BRH:17
end_of_record
TN:
SF:src/components/organisms/TopCarousel.tsx
FN:11,(anonymous_1)
FN:14,(anonymous_2)
FN:31,(anonymous_3)
FN:41,(anonymous_4)
FN:49,(anonymous_5)
FNF:5
FNH:5
FNDA:7,(anonymous_1)
FNDA:2,(anonymous_2)
FNDA:1,(anonymous_3)
FNDA:22,(anonymous_4)
FNDA:1,(anonymous_5)
DA:1,1
DA:2,1
DA:3,1
DA:11,1
DA:12,7
DA:14,7
DA:15,2
DA:16,2
DA:17,2
DA:24,7
DA:31,1
DA:42,22
DA:49,1
DA:60,1
LF:14
LH:14
BRDA:11,0,0,6
BRDA:11,1,0,6
BRDA:15,2,0,2
BRDA:18,3,0,1
BRDA:18,3,1,1
BRDA:26,4,0,7
BRDA:26,4,1,7
BRF:7
BRH:7
end_of_record
TN:
SF:src/components/organisms/TopTenCarousel.tsx
FN:12,(anonymous_1)
FN:15,(anonymous_2)
FN:33,(anonymous_3)
FN:41,(anonymous_4)
FN:56,(anonymous_5)
FNF:5
FNH:5
FNDA:40,(anonymous_1)
FNDA:2,(anonymous_2)
FNDA:1,(anonymous_3)
FNDA:1,(anonymous_4)
FNDA:42,(anonymous_5)
DA:1,2
DA:2,2
DA:3,2
DA:4,2
DA:12,2
DA:13,40
DA:15,40
DA:16,2
DA:17,2
DA:18,2
DA:25,40
DA:33,1
DA:41,1
DA:57,42
DA:69,2
LF:15
LH:15
BRDA:16,0,0,2
BRDA:19,1,0,1
BRDA:19,1,1,1
BRDA:26,2,0,40
BRDA:26,2,1,39
BRDA:50,3,0,12
BRDA:50,3,1,28
BRF:7
BRH:7
end_of_record
TN:
SF:src/hooks/useInfiniteScroll.ts
FN:10,(anonymous_0)
FN:19,(anonymous_1)
FN:26,(anonymous_2)
FN:37,(anonymous_3)
FNF:4
FNH:4
FNDA:74,(anonymous_0)
FNDA:74,(anonymous_1)
FNDA:3,(anonymous_2)
FNDA:74,(anonymous_3)
DA:1,2
DA:10,2
DA:16,74
DA:17,74
DA:19,74
DA:20,74
DA:26,74
DA:27,3
DA:28,3
DA:29,2
DA:33,74
DA:34,69
DA:37,74
DA:38,74
DA:39,74
DA:44,74
LF:16
LH:16
BRDA:13,0,0,4
BRDA:14,1,0,73
BRDA:28,2,0,2
BRDA:28,3,0,3
BRDA:28,3,1,3
BRDA:33,4,0,69
BRDA:38,5,0,74
BRF:7
BRH:7
end_of_record
TN:
SF:src/pages/Home.tsx
FN:20,(anonymous_8)
FN:31,(anonymous_9)
FN:31,(anonymous_10)
FN:49,(anonymous_11)
FN:52,(anonymous_12)
FN:60,(anonymous_13)
FN:60,(anonymous_14)
FN:72,(anonymous_15)
FN:81,(anonymous_16)
FN:118,(anonymous_17)
FN:126,(anonymous_18)
FN:138,(anonymous_19)
FN:148,(anonymous_20)
FNF:13
FNH:8
FNDA:36,(anonymous_8)
FNDA:14,(anonymous_9)
FNDA:14,(anonymous_10)
FNDA:13,(anonymous_11)
FNDA:0,(anonymous_12)
FNDA:11,(anonymous_13)
FNDA:11,(anonymous_14)
FNDA:11,(anonymous_15)
FNDA:3,(anonymous_16)
FNDA:0,(anonymous_17)
FNDA:0,(anonymous_18)
FNDA:0,(anonymous_19)
FNDA:0,(anonymous_20)
DA:2,1
DA:3,1
DA:4,1
DA:5,1
DA:6,1
DA:7,1
DA:8,1
DA:9,1
DA:13,1
DA:20,1
DA:21,36
DA:22,36
DA:23,36
DA:24,36
DA:25,36
DA:26,36
DA:27,36
DA:28,36
DA:29,36
DA:31,36
DA:32,14
DA:33,14
DA:34,14
DA:35,14
DA:39,13
DA:41,13
DA:42,0
DA:43,0
DA:44,0
DA:45,0
DA:49,13
DA:50,13
DA:52,13
DA:54,1
DA:56,14
DA:60,36
DA:61,11
DA:62,11
DA:63,11
DA:64,10
DA:66,1
DA:68,11
DA:72,36
DA:73,11
DA:74,11
DA:75,11
DA:76,11
DA:77,11
DA:81,36
DA:82,3
DA:83,3
DA:84,3
DA:85,3
DA:86,3
DA:88,3
DA:89,3
DA:91,0
DA:95,36
DA:118,0
DA:126,0
DA:138,0
DA:159,1
LF:62
LH:54
BRDA:31,0,0,0
BRDA:34,1,0,14
BRDA:34,1,1,0
BRDA:35,2,0,0
BRDA:35,2,1,14
BRDA:41,3,0,0
BRDA:43,4,0,0
BRDA:50,5,0,13
BRDA:50,5,1,0
BRDA:52,6,0,0
BRDA:76,7,0,11
BRDA:88,8,0,3
BRDA:88,8,1,0
BRDA:105,9,0,36
BRDA:105,9,1,33
BRDA:133,10,0,36
BRDA:133,10,1,3
BRDA:139,11,0,3
BRDA:139,11,1,0
BRDA:143,12,0,36
BRDA:143,12,1,0
BRDA:143,12,2,0
BRF:22
BRH:11
end_of_record
TN:
SF:src/pages/MovieDetail.tsx
FN:7,(anonymous_8)
FN:13,(anonymous_9)
FN:14,(anonymous_10)
FN:14,(anonymous_11)
FN:46,(anonymous_12)
FN:54,(anonymous_13)
FN:83,(anonymous_14)
FN:104,(anonymous_15)
FNF:8
FNH:8
FNDA:9,(anonymous_8)
FNDA:5,(anonymous_9)
FNDA:5,(anonymous_10)
FNDA:5,(anonymous_11)
FNDA:2,(anonymous_12)
FNDA:1,(anonymous_13)
FNDA:2,(anonymous_14)
FNDA:4,(anonymous_15)
DA:1,1
DA:2,1
DA:3,1
DA:4,1
DA:5,1
DA:7,1
DA:8,9
DA:9,9
DA:10,9
DA:11,9
DA:13,9
DA:14,5
DA:15,5
DA:16,5
DA:17,5
DA:18,4
DA:21,1
DA:23,5
DA:27,5
DA:30,9
DA:31,5
DA:38,4
DA:39,2
DA:46,2
DA:47,2
DA:49,2
DA:54,1
DA:84,2
DA:105,4
DA:120,1
LF:30
LH:30
BRDA:16,0,0,5
BRDA:30,1,0,5
BRDA:38,2,0,2
BRDA:94,3,0,2
BRDA:94,3,1,2
BRF:5
BRH:5
end_of_record
